2024-12-12 00:16:27,725 - INFO - 자동매매 프로그램 시작.
2024-12-12 00:16:27,727 - DEBUG - 접근 토큰을 성공적으로 가져왔습니다.
2024-12-12 00:16:27,978 - INFO - 총 외화예수금액: 999.780000 USD
총 외화일반주문가능금액: 1381.57 USD
총 외화주문가능금액(원화주문가능환산금액): 0.000000 USD
2024-12-12 00:16:28,275 - INFO - 매도 조건 확인 및 매도 주문 실행 중...
2024-12-12 00:16:29,020 - INFO - 보유 포지션이 없습니다.
2024-12-12 00:20:27,447 - INFO - 자동매매 프로그램 시작.
2024-12-12 00:20:27,449 - DEBUG - 접근 토큰을 성공적으로 가져왔습니다.
2024-12-12 00:20:27,594 - INFO - 총 외화예수금액: 999.780000 USD
총 외화일반주문가능금액: 1381.57 USD
총 외화주문가능금액(원화주문가능환산금액): 0.000000 USD
2024-12-12 00:20:27,962 - INFO - 매도 조건 확인 및 매도 주문 실행 중...
2024-12-12 00:20:28,695 - INFO - 보유 포지션이 없습니다.
2024-12-12 00:25:04,034 - INFO - 자동매매 프로그램 시작.
2024-12-12 00:25:04,036 - DEBUG - 접근 토큰을 성공적으로 가져왔습니다.
2024-12-12 00:25:04,172 - INFO - 총 외화예수금액: 999.780000 USD
총 외화일반주문가능금액: 1381.57 USD
총 외화주문가능금액(원화주문가능환산금액): 0.000000 USD
2024-12-12 00:25:04,500 - INFO - 매도 조건 확인 및 매도 주문 실행 중...
2024-12-12 00:25:05,345 - INFO - 보유 포지션이 없습니다. 매도 로직 스킵하고 매수로 넘어갑니다.
2024-12-12 00:25:06,971 - INFO - 받은 매매 신호 수: 118
2024-12-12 00:25:06,971 - INFO - 받은 매매 신호 수: 118
2024-12-12 00:25:07,348 - INFO - 매수 가능 현금: 1381.570000 USD
2024-12-12 00:25:07,706 - DEBUG - CZR 매수 비율: 1, 매수 금액: 10.466439 USD
2024-12-12 00:25:07,798 - WARNING - CZR: 최소 매수 수량 미만. 건너뜀.
2024-12-12 00:25:07,798 - DEBUG - MIR 매수 비율: 1, 매수 금액: 10.466439 USD
2024-12-12 00:25:07,883 - WARNING - MIR: 최소 매수 수량 미만. 건너뜀.
2024-12-12 00:25:07,884 - DEBUG - MLGO 매수 비율: 1.2, 매수 금액: 12.559727 USD
2024-12-12 00:25:11,204 - DEBUG - MNTS 매수 비율: 1, 매수 금액: 10.466439 USD
2024-12-12 00:25:14,571 - DEBUG - MRNA 매수 비율: 1.2, 매수 금액: 12.559727 USD
2024-12-12 00:25:14,595 - WARNING - MRNA: 최소 매수 수량 미만. 건너뜀.
2024-12-12 00:25:14,596 - DEBUG - HOLO 매수 비율: 1, 매수 금액: 10.466439 USD
2024-12-12 00:25:17,974 - DEBUG - KOS 매수 비율: 1.2, 매수 금액: 12.559727 USD
2024-12-12 00:25:21,567 - DEBUG - KC 매수 비율: 1, 매수 금액: 10.466439 USD
2024-12-12 00:25:24,933 - DEBUG - ROKU 매수 비율: 1, 매수 금액: 10.466439 USD
2024-12-12 00:25:25,060 - WARNING - ROKU: 최소 매수 수량 미만. 건너뜀.
2024-12-12 00:25:25,061 - DEBUG - SG 매수 비율: 1, 매수 금액: 10.466439 USD
2024-12-12 00:25:25,119 - WARNING - SG: 최소 매수 수량 미만. 건너뜀.
2024-12-12 00:25:25,120 - DEBUG - VS 매수 비율: 1.2, 매수 금액: 12.559727 USD
2024-12-12 00:25:28,480 - DEBUG - TFFP 매수 비율: 1, 매수 금액: 10.466439 USD
2024-12-12 00:25:31,800 - DEBUG - BYON 매수 비율: 1, 매수 금액: 10.466439 USD
2024-12-12 00:25:35,322 - DEBUG - CPRI 매수 비율: 1.2, 매수 금액: 12.559727 USD
2024-12-12 00:25:35,432 - WARNING - CPRI: 최소 매수 수량 미만. 건너뜀.
2024-12-12 00:25:35,433 - DEBUG - GOEV 매수 비율: 1.2, 매수 금액: 12.559727 USD
2024-12-12 00:25:38,842 - DEBUG - LESL 매수 비율: 1, 매수 금액: 10.466439 USD
2024-12-12 00:25:42,184 - DEBUG - NKTR 매수 비율: 1, 매수 금액: 10.466439 USD
2024-12-12 00:25:45,487 - DEBUG - HEPS 매수 비율: 1.2, 매수 금액: 12.559727 USD
2024-12-12 00:25:48,985 - DEBUG - JTAI 매수 비율: 1.2, 매수 금액: 12.559727 USD
2024-12-12 00:25:52,278 - DEBUG - JL 매수 비율: 1, 매수 금액: 10.466439 USD
2024-12-12 00:25:55,600 - DEBUG - OTLY 매수 비율: 1, 매수 금액: 10.466439 USD
2024-12-12 00:25:58,924 - DEBUG - PHUN 매수 비율: 1.2, 매수 금액: 12.559727 USD
2024-12-12 00:26:02,413 - DEBUG - QMMM 매수 비율: 1, 매수 금액: 10.466439 USD
2024-12-12 00:26:05,876 - DEBUG - SCLX 매수 비율: 1.2, 매수 금액: 12.559727 USD
2024-12-12 00:26:09,217 - DEBUG - SHLS 매수 비율: 1.2, 매수 금액: 12.559727 USD
2024-12-12 00:26:12,585 - DEBUG - BYND 매수 비율: 1, 매수 금액: 10.466439 USD
2024-12-12 00:26:15,961 - DEBUG - EVH 매수 비율: 1, 매수 금액: 10.466439 USD
2024-12-12 00:26:16,068 - WARNING - EVH: 최소 매수 수량 미만. 건너뜀.
2024-12-12 00:26:16,069 - DEBUG - JBLU 매수 비율: 1.2, 매수 금액: 12.559727 USD
2024-12-12 00:26:19,419 - DEBUG - LU 매수 비율: 1, 매수 금액: 10.466439 USD
2024-12-12 00:26:22,930 - DEBUG - LGMK 매수 비율: 1.2, 매수 금액: 12.559727 USD
2024-12-12 00:26:26,315 - DEBUG - IQ 매수 비율: 1.2, 매수 금액: 12.559727 USD
2024-12-12 00:26:29,647 - DEBUG - QUBT 매수 비율: 1.2, 매수 금액: 12.559727 USD
2024-12-12 00:26:33,004 - DEBUG - SGMO 매수 비율: 1, 매수 금액: 10.466439 USD
2024-12-12 00:26:36,261 - DEBUG - SABR 매수 비율: 1, 매수 금액: 10.466439 USD
2024-12-12 00:26:39,627 - DEBUG - RR 매수 비율: 1.2, 매수 금액: 12.559727 USD
2024-12-12 00:26:42,970 - DEBUG - RXRX 매수 비율: 1.2, 매수 금액: 12.559727 USD
2024-12-12 00:26:46,373 - DEBUG - SENS 매수 비율: 1, 매수 금액: 10.466439 USD
2024-12-12 00:26:50,021 - DEBUG - SOFI 매수 비율: 1.2, 매수 금액: 12.559727 USD
2024-12-12 00:26:50,067 - WARNING - SOFI: 최소 매수 수량 미만. 건너뜀.
2024-12-12 00:26:50,068 - DEBUG - STEC 매수 비율: 1, 매수 금액: 10.466439 USD
2024-12-12 00:26:53,442 - DEBUG - ATCH 매수 비율: 1.2, 매수 금액: 12.559727 USD
2024-12-12 00:26:57,071 - DEBUG - DBGI 매수 비율: 1.2, 매수 금액: 12.559727 USD
2024-12-12 00:27:00,404 - DEBUG - HRTX 매수 비율: 1, 매수 금액: 10.466439 USD
2024-12-12 00:27:03,710 - DEBUG - GWAV 매수 비율: 1.2, 매수 금액: 12.559727 USD
2024-12-12 00:27:07,066 - DEBUG - LYG 매수 비율: 1.2, 매수 금액: 12.559727 USD
2024-12-12 00:27:10,701 - DEBUG - MLCO 매수 비율: 1, 매수 금액: 10.466439 USD
2024-12-12 00:27:14,112 - DEBUG - LAZR 매수 비율: 1.2, 매수 금액: 12.559727 USD
2024-12-12 00:27:17,531 - DEBUG - MVST 매수 비율: 1.2, 매수 금액: 12.559727 USD
2024-12-12 00:27:20,871 - DEBUG - IAUX 매수 비율: 1.2, 매수 금액: 12.559727 USD
2024-12-12 00:27:24,501 - DEBUG - IDAI 매수 비율: 1, 매수 금액: 10.466439 USD
2024-12-12 00:27:28,023 - DEBUG - ICCT 매수 비율: 1.2, 매수 금액: 12.559727 USD
2024-12-12 00:27:31,380 - DEBUG - KLTO 매수 비율: 1, 매수 금액: 10.466439 USD
2024-12-12 00:27:34,805 - DEBUG - OKTA 매수 비율: 1, 매수 금액: 10.466439 USD
2024-12-12 00:27:34,910 - WARNING - OKTA: 최소 매수 수량 미만. 건너뜀.
2024-12-12 00:27:34,911 - DEBUG - NCNO 매수 비율: 1, 매수 금액: 10.466439 USD
2024-12-12 00:27:34,938 - WARNING - NCNO: 최소 매수 수량 미만. 건너뜀.
2024-12-12 00:27:34,939 - DEBUG - NIVF 매수 비율: 1.2, 매수 금액: 12.559727 USD
2024-12-12 00:27:38,277 - DEBUG - NKGN 매수 비율: 1, 매수 금액: 10.466439 USD
2024-12-12 00:27:41,551 - DEBUG - QBTS 매수 비율: 1.2, 매수 금액: 12.559727 USD
2024-12-12 00:27:45,166 - DEBUG - RDDT 매수 비율: 1.2, 매수 금액: 12.559727 USD
2024-12-12 00:27:45,356 - WARNING - RDDT: 최소 매수 수량 미만. 건너뜀.
2024-12-12 00:27:45,357 - DEBUG - SMX 매수 비율: 1, 매수 금액: 10.466439 USD
2024-12-12 00:27:48,672 - DEBUG - IVZ 매수 비율: 1, 매수 금액: 10.466439 USD
2024-12-12 00:27:48,878 - WARNING - IVZ: 최소 매수 수량 미만. 건너뜀.
2024-12-12 00:27:48,879 - DEBUG - LXRX 매수 비율: 1, 매수 금액: 10.466439 USD
2024-12-12 00:27:52,272 - DEBUG - WBA 매수 비율: 1.2, 매수 금액: 12.559727 USD
2024-12-12 00:27:55,654 - DEBUG - NVAX 매수 비율: 1.2, 매수 금액: 12.559727 USD
2024-12-12 00:27:59,016 - DEBUG - PACB 매수 비율: 1.2, 매수 금액: 12.559727 USD
2024-12-12 00:28:02,358 - DEBUG - PARA 매수 비율: 1.2, 매수 금액: 12.559727 USD
2024-12-12 00:28:05,729 - DEBUG - RCAT 매수 비율: 1, 매수 금액: 10.466439 USD
2024-12-12 00:28:09,048 - DEBUG - PRFX 매수 비율: 1.2, 매수 금액: 12.559727 USD
2024-12-12 00:28:12,362 - DEBUG - PTON 매수 비율: 1.2, 매수 금액: 12.559727 USD
2024-12-12 00:28:15,735 - DEBUG - SID 매수 비율: 1, 매수 금액: 10.466439 USD
2024-12-12 00:28:19,215 - DEBUG - RIVN 매수 비율: 1.2, 매수 금액: 12.559727 USD
2024-12-12 00:28:19,319 - WARNING - RIVN: 최소 매수 수량 미만. 건너뜀.
2024-12-12 00:28:19,320 - DEBUG - SBSW 매수 비율: 1.2, 매수 금액: 12.559727 USD
2024-12-12 00:28:22,797 - DEBUG - SE 매수 비율: 1.2, 매수 금액: 12.559727 USD
2024-12-12 00:28:22,949 - WARNING - SE: 최소 매수 수량 미만. 건너뜀.
2024-12-12 00:28:22,949 - DEBUG - VTAK 매수 비율: 1.2, 매수 금액: 12.559727 USD
2024-12-12 00:28:26,572 - DEBUG - SNOW 매수 비율: 1.2, 매수 금액: 12.559727 USD
2024-12-12 00:28:26,650 - WARNING - SNOW: 최소 매수 수량 미만. 건너뜀.
2024-12-12 00:28:26,651 - DEBUG - TWG 매수 비율: 1.2, 매수 금액: 12.559727 USD
2024-12-12 00:28:29,983 - DEBUG - CRKN 매수 비율: 1.2, 매수 금액: 12.559727 USD
2024-12-12 00:28:33,406 - DEBUG - LAES 매수 비율: 1.2, 매수 금액: 12.559727 USD
2024-12-12 00:28:36,777 - DEBUG - MSTR 매수 비율: 1.2, 매수 금액: 12.559727 USD
2024-12-12 00:28:36,842 - WARNING - MSTR: 최소 매수 수량 미만. 건너뜀.
2024-12-12 00:28:36,843 - DEBUG - MTEM 매수 비율: 1, 매수 금액: 10.466439 USD
2024-12-12 00:28:40,223 - DEBUG - MTC 매수 비율: 1, 매수 금액: 10.466439 USD
2024-12-12 00:28:43,563 - DEBUG - HCWB 매수 비율: 1, 매수 금액: 10.466439 USD
2024-12-12 00:28:46,976 - DEBUG - HUMA 매수 비율: 1, 매수 금액: 10.466439 USD
2024-12-12 00:28:50,374 - DEBUG - HUT 매수 비율: 1.2, 매수 금액: 12.559727 USD
2024-12-12 00:28:50,491 - WARNING - HUT: 최소 매수 수량 미만. 건너뜀.
2024-12-12 00:28:50,492 - DEBUG - HWH 매수 비율: 1.2, 매수 금액: 12.559727 USD
2024-12-12 00:28:53,785 - DEBUG - JFBR 매수 비율: 1.2, 매수 금액: 12.559727 USD
2024-12-12 00:28:57,228 - DEBUG - KULR 매수 비율: 1.2, 매수 금액: 12.559727 USD
2024-12-12 00:29:01,199 - DEBUG - KXIN 매수 비율: 1.2, 매수 금액: 12.559727 USD
2024-12-12 00:29:04,584 - DEBUG - RDFN 매수 비율: 1.2, 매수 금액: 12.559727 USD
2024-12-12 00:29:07,957 - DEBUG - SES 매수 비율: 1.2, 매수 금액: 12.559727 USD
2024-12-12 00:29:11,495 - DEBUG - WLDS 매수 비율: 1.2, 매수 금액: 12.559727 USD
2024-12-12 00:29:14,817 - DEBUG - CMRX 매수 비율: 1.2, 매수 금액: 12.559727 USD
2024-12-12 00:29:18,364 - DEBUG - MCRB 매수 비율: 1, 매수 금액: 10.466439 USD
2024-12-12 00:29:21,772 - DEBUG - LGHL 매수 비율: 1.2, 매수 금액: 12.559727 USD
2024-12-12 00:29:25,112 - DEBUG - MHUA 매수 비율: 1, 매수 금액: 10.466439 USD
2024-12-12 00:29:28,556 - DEBUG - MULN 매수 비율: 1.2, 매수 금액: 12.559727 USD
2024-12-12 00:29:31,934 - DEBUG - MYNZ 매수 비율: 1, 매수 금액: 10.466439 USD
2024-12-12 00:29:35,308 - DEBUG - HOVR 매수 비율: 1, 매수 금액: 10.466439 USD
2024-12-12 00:29:38,604 - DEBUG - JDZG 매수 비율: 1.2, 매수 금액: 12.559727 USD
2024-12-12 00:29:41,969 - DEBUG - NMHI 매수 비율: 1.2, 매수 금액: 12.559727 USD
2024-12-12 00:29:45,353 - DEBUG - RIME 매수 비율: 1.2, 매수 금액: 12.559727 USD
2024-12-12 00:29:48,759 - DEBUG - QNRX 매수 비율: 1.2, 매수 금액: 12.559727 USD
2024-12-12 00:29:52,111 - DEBUG - RLX 매수 비율: 1.2, 매수 금액: 12.559727 USD
2024-12-12 00:29:55,705 - DEBUG - RVPH 매수 비율: 1, 매수 금액: 10.466439 USD
2024-12-12 00:29:59,065 - DEBUG - SEDG 매수 비율: 1, 매수 금액: 10.466439 USD
2024-12-12 00:29:59,146 - WARNING - SEDG: 최소 매수 수량 미만. 건너뜀.
2024-12-12 00:29:59,147 - DEBUG - SINT 매수 비율: 1.2, 매수 금액: 12.559727 USD
2024-12-12 00:30:02,475 - DEBUG - SOAR 매수 비율: 1.2, 매수 금액: 12.559727 USD
2024-12-12 00:30:06,371 - DEBUG - BENF 매수 비율: 1, 매수 금액: 10.466439 USD
2024-12-12 00:30:09,729 - DEBUG - EYEN 매수 비율: 1.2, 매수 금액: 12.559727 USD
2024-12-12 00:30:13,161 - DEBUG - MRVL 매수 비율: 1.2, 매수 금액: 12.559727 USD
2024-12-12 00:30:13,253 - WARNING - MRVL: 최소 매수 수량 미만. 건너뜀.
2024-12-12 00:30:13,255 - DEBUG - MMV 매수 비율: 1, 매수 금액: 10.466439 USD
2024-12-12 00:30:16,611 - DEBUG - HTZ 매수 비율: 1.2, 매수 금액: 12.559727 USD
2024-12-12 00:30:20,034 - DEBUG - IOT 매수 비율: 1, 매수 금액: 10.466439 USD
2024-12-12 00:30:20,217 - WARNING - IOT: 최소 매수 수량 미만. 건너뜀.
2024-12-12 00:30:20,217 - DEBUG - OKLO 매수 비율: 1.2, 매수 금액: 12.559727 USD
2024-12-12 00:30:20,428 - WARNING - OKLO: 최소 매수 수량 미만. 건너뜀.
2024-12-12 00:30:20,428 - DEBUG - PATH 매수 비율: 1.2, 매수 금액: 12.559727 USD
2024-12-12 00:30:20,602 - WARNING - PATH: 최소 매수 수량 미만. 건너뜀.
2024-12-12 00:30:20,604 - DEBUG - NET 매수 비율: 1, 매수 금액: 10.466439 USD
2024-12-12 00:30:20,754 - WARNING - NET: 최소 매수 수량 미만. 건너뜀.
2024-12-12 00:30:20,755 - DEBUG - PBM 매수 비율: 1.2, 매수 금액: 12.559727 USD
2024-12-12 00:30:24,161 - DEBUG - PRQR 매수 비율: 1.2, 매수 금액: 12.559727 USD
2024-12-12 00:30:27,485 - DEBUG - S 매수 비율: 1, 매수 금액: 10.466439 USD
2024-12-12 00:30:27,689 - WARNING - S: 최소 매수 수량 미만. 건너뜀.
2024-12-12 00:30:27,689 - DEBUG - SAIH 매수 비율: 1.2, 매수 금액: 12.559727 USD
2024-12-12 00:30:31,817 - INFO - 총 매도 주문 종목 수 : 0 개
2024-12-12 00:30:31,818 - INFO - 총 매수 주문 종목 수 : 94 개
2024-12-12 00:30:32,202 - INFO - 현재 보유 종목: 57 개
2024-12-12 00:30:32,570 - INFO - 자동매매 프로그램 종료.
2024-12-12 23:30:05,232 - INFO - 자동매매 프로그램 시작.
2024-12-12 23:30:05,239 - DEBUG - 접근 토큰을 성공적으로 가져왔습니다.
2024-12-12 23:30:05,339 - INFO - 총 외화예수금액: 934.190000 USD
총 외화일반주문가능금액: 503.32 USD
총 외화주문가능금액(원화주문가능환산금액): 0.000000 USD
2024-12-12 23:30:05,676 - INFO - 매도 조건 확인 및 매도 주문 실행 중...
2024-12-12 23:31:04,226 - INFO - 수익률이 음수이거나 0%인 포지션의 보유 기간 확인 중...
2024-12-12 23:31:04,601 - DEBUG - BYND의 보유 기간: 1일
2024-12-12 23:31:04,601 - DEBUG - BYON의 보유 기간: 1일
2024-12-12 23:31:04,602 - DEBUG - CRKN의 보유 기간: 1일
2024-12-12 23:31:04,602 - DEBUG - HCWB의 보유 기간: 1일
2024-12-12 23:31:04,602 - DEBUG - HOLO의 보유 기간: 1일
2024-12-12 23:31:04,603 - DEBUG - HRTX의 보유 기간: 1일
2024-12-12 23:31:04,603 - DEBUG - HTZ의 보유 기간: 1일
2024-12-12 23:31:04,603 - DEBUG - IAUX의 보유 기간: 1일
2024-12-12 23:31:04,604 - DEBUG - IDAI의 보유 기간: 1일
2024-12-12 23:31:04,604 - DEBUG - JDZG의 보유 기간: 1일
2024-12-12 23:31:04,604 - DEBUG - JFBR의 보유 기간: 1일
2024-12-12 23:31:04,605 - DEBUG - JL의 보유 기간: 1일
2024-12-12 23:31:04,605 - DEBUG - KOS의 보유 기간: 1일
2024-12-12 23:31:04,605 - DEBUG - LAZR의 보유 기간: 1일
2024-12-12 23:31:04,606 - DEBUG - LESL의 보유 기간: 1일
2024-12-12 23:31:04,606 - DEBUG - LGHL의 보유 기간: 1일
2024-12-12 23:31:04,606 - DEBUG - LGMK의 보유 기간: 1일
2024-12-12 23:31:04,606 - DEBUG - LU의 보유 기간: 1일
2024-12-12 23:31:04,607 - DEBUG - MHUA의 보유 기간: 1일
2024-12-12 23:31:04,607 - DEBUG - MTC의 보유 기간: 1일
2024-12-12 23:31:04,607 - DEBUG - MVST의 보유 기간: 1일
2024-12-12 23:31:04,608 - DEBUG - MYNZ의 보유 기간: 1일
2024-12-12 23:31:04,608 - DEBUG - NIVF의 보유 기간: 1일
2024-12-12 23:31:04,608 - DEBUG - NMHI의 보유 기간: 1일
2024-12-12 23:31:04,609 - DEBUG - NVAX의 보유 기간: 1일
2024-12-12 23:31:04,609 - DEBUG - OTLY의 보유 기간: 1일
2024-12-12 23:31:04,609 - DEBUG - PHUN의 보유 기간: 1일
2024-12-12 23:31:04,609 - DEBUG - QMMM의 보유 기간: 1일
2024-12-12 23:31:04,610 - DEBUG - QNRX의 보유 기간: 1일
2024-12-12 23:31:04,610 - DEBUG - RCAT의 보유 기간: 1일
2024-12-12 23:31:04,610 - DEBUG - RDFN의 보유 기간: 1일
2024-12-12 23:31:04,611 - DEBUG - RIME의 보유 기간: 1일
2024-12-12 23:31:04,611 - DEBUG - RR의 보유 기간: 1일
2024-12-12 23:31:04,611 - DEBUG - RXRX의 보유 기간: 1일
2024-12-12 23:31:04,612 - DEBUG - SAIH의 보유 기간: 1일
2024-12-12 23:31:04,612 - DEBUG - SBSW의 보유 기간: 1일
2024-12-12 23:31:04,612 - DEBUG - SCLX의 보유 기간: 1일
2024-12-12 23:31:04,612 - DEBUG - SENS의 보유 기간: 1일
2024-12-12 23:31:04,613 - DEBUG - SGMO의 보유 기간: 1일
2024-12-12 23:31:04,613 - DEBUG - SINT의 보유 기간: 1일
2024-12-12 23:31:04,614 - DEBUG - SOAR의 보유 기간: 1일
2024-12-12 23:31:04,614 - DEBUG - TWG의 보유 기간: 1일
2024-12-12 23:31:04,614 - DEBUG - VTAK의 보유 기간: 1일
2024-12-12 23:31:04,615 - DEBUG - WLDS의 보유 기간: 1일
2024-12-12 23:31:05,415 - INFO - 받은 매매 신호 수: 119
2024-12-12 23:31:05,416 - INFO - 받은 매매 신호 수: 119
2024-12-12 23:31:05,841 - INFO - 매수 가능 현금: 503.320000 USD
2024-12-12 23:31:06,135 - DEBUG - MIR 매수 비율: 1, 매수 금액: 3.773013 USD
2024-12-12 23:31:06,250 - WARNING - MIR: 최소 매수 수량 미만. 건너뜀.
2024-12-12 23:31:06,251 - DEBUG - MLGO 매수 비율: 1.2, 매수 금액: 4.527616 USD
2024-12-12 23:31:09,530 - DEBUG - MNTS 매수 비율: 1, 매수 금액: 3.773013 USD
2024-12-12 23:31:10,899 - DEBUG - MRNA 매수 비율: 1.2, 매수 금액: 4.527616 USD
2024-12-12 23:31:10,972 - WARNING - MRNA: 최소 매수 수량 미만. 건너뜀.
2024-12-12 23:31:10,973 - DEBUG - HOLO 매수 비율: 1, 매수 금액: 3.773013 USD
2024-12-12 23:31:14,246 - DEBUG - KOS 매수 비율: 1.2, 매수 금액: 4.527616 USD
2024-12-12 23:31:17,660 - DEBUG - KC 매수 비율: 1, 매수 금액: 3.773013 USD
2024-12-12 23:31:17,749 - WARNING - KC: 최소 매수 수량 미만. 건너뜀.
2024-12-12 23:31:17,750 - DEBUG - ROKU 매수 비율: 1, 매수 금액: 3.773013 USD
2024-12-12 23:31:17,808 - WARNING - ROKU: 최소 매수 수량 미만. 건너뜀.
2024-12-12 23:31:17,809 - DEBUG - SG 매수 비율: 1, 매수 금액: 3.773013 USD
2024-12-12 23:31:17,888 - WARNING - SG: 최소 매수 수량 미만. 건너뜀.
2024-12-12 23:31:17,889 - DEBUG - VS 매수 비율: 1.2, 매수 금액: 4.527616 USD
2024-12-12 23:31:21,161 - DEBUG - TFFP 매수 비율: 1, 매수 금액: 3.773013 USD
2024-12-12 23:31:24,495 - DEBUG - AQN 매수 비율: 1.2, 매수 금액: 4.527616 USD
2024-12-12 23:31:27,959 - DEBUG - AKTS 매수 비율: 1.2, 매수 금액: 4.527616 USD
2024-12-12 23:31:31,368 - DEBUG - BYON 매수 비율: 1, 매수 금액: 3.773013 USD
2024-12-12 23:31:31,452 - WARNING - BYON: 최소 매수 수량 미만. 건너뜀.
2024-12-12 23:31:31,453 - DEBUG - CPRI 매수 비율: 1.2, 매수 금액: 4.527616 USD
2024-12-12 23:31:31,515 - WARNING - CPRI: 최소 매수 수량 미만. 건너뜀.
2024-12-12 23:31:31,515 - DEBUG - GOEV 매수 비율: 1.2, 매수 금액: 4.527616 USD
2024-12-12 23:31:32,761 - DEBUG - LESL 매수 비율: 1, 매수 금액: 3.773013 USD
2024-12-12 23:31:36,264 - DEBUG - NKTR 매수 비율: 1, 매수 금액: 3.773013 USD
2024-12-12 23:31:39,593 - DEBUG - HEPS 매수 비율: 1.2, 매수 금액: 4.527616 USD
2024-12-12 23:31:42,891 - DEBUG - JTAI 매수 비율: 1.2, 매수 금액: 4.527616 USD
2024-12-12 23:31:42,976 - WARNING - JTAI: 최소 매수 수량 미만. 건너뜀.
2024-12-12 23:31:42,977 - DEBUG - JL 매수 비율: 1, 매수 금액: 3.773013 USD
2024-12-12 23:31:46,328 - DEBUG - OTLY 매수 비율: 1, 매수 금액: 3.773013 USD
2024-12-12 23:31:49,678 - DEBUG - PHUN 매수 비율: 1.2, 매수 금액: 4.527616 USD
2024-12-12 23:31:53,013 - DEBUG - QMMM 매수 비율: 1, 매수 금액: 3.773013 USD
2024-12-12 23:31:56,415 - DEBUG - SCLX 매수 비율: 1.2, 매수 금액: 4.527616 USD
2024-12-12 23:31:59,740 - DEBUG - SHLS 매수 비율: 1.2, 매수 금액: 4.527616 USD
2024-12-12 23:31:59,834 - WARNING - SHLS: 최소 매수 수량 미만. 건너뜀.
2024-12-12 23:31:59,835 - DEBUG - EQC 매수 비율: 1.2, 매수 금액: 4.527616 USD
2024-12-12 23:32:03,313 - DEBUG - BYND 매수 비율: 1, 매수 금액: 3.773013 USD
2024-12-12 23:32:03,401 - WARNING - BYND: 최소 매수 수량 미만. 건너뜀.
2024-12-12 23:32:03,402 - DEBUG - EVH 매수 비율: 1, 매수 금액: 3.773013 USD
2024-12-12 23:32:03,461 - WARNING - EVH: 최소 매수 수량 미만. 건너뜀.
2024-12-12 23:32:03,462 - DEBUG - JBLU 매수 비율: 1.2, 매수 금액: 4.527616 USD
2024-12-12 23:32:03,515 - WARNING - JBLU: 최소 매수 수량 미만. 건너뜀.
2024-12-12 23:32:03,516 - DEBUG - LU 매수 비율: 1, 매수 금액: 3.773013 USD
2024-12-12 23:32:06,971 - DEBUG - LGMK 매수 비율: 1.2, 매수 금액: 4.527616 USD
2024-12-12 23:32:10,355 - DEBUG - IQ 매수 비율: 1.2, 매수 금액: 4.527616 USD
2024-12-12 23:32:13,693 - DEBUG - QUBT 매수 비율: 1.2, 매수 금액: 4.527616 USD
2024-12-12 23:32:13,775 - WARNING - QUBT: 최소 매수 수량 미만. 건너뜀.
2024-12-12 23:32:13,776 - DEBUG - SGMO 매수 비율: 1, 매수 금액: 3.773013 USD
2024-12-12 23:32:17,110 - DEBUG - SABR 매수 비율: 1, 매수 금액: 3.773013 USD
2024-12-12 23:32:17,144 - WARNING - SABR: 최소 매수 수량 미만. 건너뜀.
2024-12-12 23:32:17,145 - DEBUG - RR 매수 비율: 1.2, 매수 금액: 4.527616 USD
2024-12-12 23:32:20,451 - DEBUG - RXRX 매수 비율: 1.2, 매수 금액: 4.527616 USD
2024-12-12 23:32:20,512 - WARNING - RXRX: 최소 매수 수량 미만. 건너뜀.
2024-12-12 23:32:20,513 - DEBUG - SENS 매수 비율: 1, 매수 금액: 3.773013 USD
2024-12-12 23:32:24,051 - DEBUG - SOFI 매수 비율: 1.2, 매수 금액: 4.527616 USD
2024-12-12 23:32:24,121 - WARNING - SOFI: 최소 매수 수량 미만. 건너뜀.
2024-12-12 23:32:24,122 - DEBUG - STEC 매수 비율: 1, 매수 금액: 3.773013 USD
2024-12-12 23:32:27,436 - DEBUG - HRTX 매수 비율: 1, 매수 금액: 3.773013 USD
2024-12-12 23:32:30,807 - DEBUG - GWAV 매수 비율: 1.2, 매수 금액: 4.527616 USD
2024-12-12 23:32:32,157 - DEBUG - LYG 매수 비율: 1.2, 매수 금액: 4.527616 USD
2024-12-12 23:32:33,539 - DEBUG - MLCO 매수 비율: 1, 매수 금액: 3.773013 USD
2024-12-12 23:32:33,625 - WARNING - MLCO: 최소 매수 수량 미만. 건너뜀.
2024-12-12 23:32:33,626 - DEBUG - LAZR 매수 비율: 1.2, 매수 금액: 4.527616 USD
2024-12-12 23:32:33,674 - WARNING - LAZR: 최소 매수 수량 미만. 건너뜀.
2024-12-12 23:32:33,675 - DEBUG - MVST 매수 비율: 1.2, 매수 금액: 4.527616 USD
2024-12-12 23:32:37,120 - DEBUG - IAUX 매수 비율: 1.2, 매수 금액: 4.527616 USD
2024-12-12 23:32:40,810 - DEBUG - IDAI 매수 비율: 1, 매수 금액: 3.773013 USD
2024-12-12 23:32:44,135 - DEBUG - ICCT 매수 비율: 1.2, 매수 금액: 4.527616 USD
2024-12-12 23:32:47,430 - DEBUG - KLTO 매수 비율: 1, 매수 금액: 3.773013 USD
2024-12-12 23:32:50,757 - DEBUG - OKTA 매수 비율: 1, 매수 금액: 3.773013 USD
2024-12-12 23:32:50,828 - WARNING - OKTA: 최소 매수 수량 미만. 건너뜀.
2024-12-12 23:32:50,828 - DEBUG - NCNO 매수 비율: 1, 매수 금액: 3.773013 USD
2024-12-12 23:32:50,859 - WARNING - NCNO: 최소 매수 수량 미만. 건너뜀.
2024-12-12 23:32:50,860 - DEBUG - NIVF 매수 비율: 1.2, 매수 금액: 4.527616 USD
2024-12-12 23:32:54,266 - DEBUG - NKGN 매수 비율: 1, 매수 금액: 3.773013 USD
2024-12-12 23:32:57,627 - DEBUG - QBTS 매수 비율: 1.2, 매수 금액: 4.527616 USD
2024-12-12 23:33:01,033 - DEBUG - RDDT 매수 비율: 1.2, 매수 금액: 4.527616 USD
2024-12-12 23:33:01,107 - WARNING - RDDT: 최소 매수 수량 미만. 건너뜀.
2024-12-12 23:33:01,108 - DEBUG - SMX 매수 비율: 1, 매수 금액: 3.773013 USD
2024-12-12 23:33:04,417 - DEBUG - IVZ 매수 비율: 1, 매수 금액: 3.773013 USD
2024-12-12 23:33:04,545 - WARNING - IVZ: 최소 매수 수량 미만. 건너뜀.
2024-12-12 23:33:04,546 - DEBUG - LXRX 매수 비율: 1, 매수 금액: 3.773013 USD
2024-12-12 23:33:07,880 - DEBUG - WBA 매수 비율: 1.2, 매수 금액: 4.527616 USD
2024-12-12 23:33:07,969 - WARNING - WBA: 최소 매수 수량 미만. 건너뜀.
2024-12-12 23:33:07,970 - DEBUG - NVAX 매수 비율: 1.2, 매수 금액: 4.527616 USD
2024-12-12 23:33:08,029 - WARNING - NVAX: 최소 매수 수량 미만. 건너뜀.
2024-12-12 23:33:08,030 - DEBUG - PACB 매수 비율: 1.2, 매수 금액: 4.527616 USD
2024-12-12 23:33:11,289 - DEBUG - PARA 매수 비율: 1.2, 매수 금액: 4.527616 USD
2024-12-12 23:33:11,388 - WARNING - PARA: 최소 매수 수량 미만. 건너뜀.
2024-12-12 23:33:11,389 - DEBUG - RCAT 매수 비율: 1, 매수 금액: 3.773013 USD
2024-12-12 23:33:11,451 - WARNING - RCAT: 최소 매수 수량 미만. 건너뜀.
2024-12-12 23:33:11,453 - DEBUG - PRFX 매수 비율: 1.2, 매수 금액: 4.527616 USD
2024-12-12 23:33:14,770 - DEBUG - PTON 매수 비율: 1.2, 매수 금액: 4.527616 USD
2024-12-12 23:33:14,848 - WARNING - PTON: 최소 매수 수량 미만. 건너뜀.
2024-12-12 23:33:14,848 - DEBUG - SID 매수 비율: 1, 매수 금액: 3.773013 USD
2024-12-12 23:33:18,396 - DEBUG - RIVN 매수 비율: 1.2, 매수 금액: 4.527616 USD
2024-12-12 23:33:18,490 - WARNING - RIVN: 최소 매수 수량 미만. 건너뜀.
2024-12-12 23:33:18,491 - DEBUG - SBSW 매수 비율: 1.2, 매수 금액: 4.527616 USD
2024-12-12 23:33:21,904 - DEBUG - SE 매수 비율: 1.2, 매수 금액: 4.527616 USD
2024-12-12 23:33:22,022 - WARNING - SE: 최소 매수 수량 미만. 건너뜀.
2024-12-12 23:33:22,023 - DEBUG - VTAK 매수 비율: 1.2, 매수 금액: 4.527616 USD
2024-12-12 23:33:25,590 - DEBUG - SNOW 매수 비율: 1.2, 매수 금액: 4.527616 USD
2024-12-12 23:33:25,722 - WARNING - SNOW: 최소 매수 수량 미만. 건너뜀.
2024-12-12 23:33:25,723 - DEBUG - TWG 매수 비율: 1.2, 매수 금액: 4.527616 USD
2024-12-12 23:33:29,155 - DEBUG - COMM 매수 비율: 1.2, 매수 금액: 4.527616 USD
2024-12-12 23:33:29,224 - WARNING - COMM: 최소 매수 수량 미만. 건너뜀.
2024-12-12 23:33:29,225 - DEBUG - CRKN 매수 비율: 1.2, 매수 금액: 4.527616 USD
2024-12-12 23:33:32,544 - DEBUG - LAES 매수 비율: 1.2, 매수 금액: 4.527616 USD
2024-12-12 23:33:35,812 - DEBUG - MSTR 매수 비율: 1.2, 매수 금액: 4.527616 USD
2024-12-12 23:33:35,876 - WARNING - MSTR: 최소 매수 수량 미만. 건너뜀.
2024-12-12 23:33:35,877 - DEBUG - MTEM 매수 비율: 1, 매수 금액: 3.773013 USD
2024-12-12 23:33:39,193 - DEBUG - MTC 매수 비율: 1, 매수 금액: 3.773013 USD
2024-12-12 23:33:42,557 - DEBUG - HCWB 매수 비율: 1, 매수 금액: 3.773013 USD
2024-12-12 23:33:45,911 - DEBUG - HUMA 매수 비율: 1, 매수 금액: 3.773013 USD
2024-12-12 23:33:45,966 - WARNING - HUMA: 최소 매수 수량 미만. 건너뜀.
2024-12-12 23:33:45,967 - DEBUG - HUT 매수 비율: 1.2, 매수 금액: 4.527616 USD
2024-12-12 23:33:46,123 - WARNING - HUT: 최소 매수 수량 미만. 건너뜀.
2024-12-12 23:33:46,124 - DEBUG - HWH 매수 비율: 1.2, 매수 금액: 4.527616 USD
2024-12-12 23:33:49,577 - DEBUG - JFBR 매수 비율: 1.2, 매수 금액: 4.527616 USD
2024-12-12 23:33:52,887 - DEBUG - KULR 매수 비율: 1.2, 매수 금액: 4.527616 USD
2024-12-12 23:33:56,424 - DEBUG - KXIN 매수 비율: 1.2, 매수 금액: 4.527616 USD
2024-12-12 23:33:59,762 - DEBUG - RDFN 매수 비율: 1.2, 매수 금액: 4.527616 USD
2024-12-12 23:33:59,899 - WARNING - RDFN: 최소 매수 수량 미만. 건너뜀.
2024-12-12 23:33:59,900 - DEBUG - SES 매수 비율: 1.2, 매수 금액: 4.527616 USD
2024-12-12 23:34:03,418 - DEBUG - WLDS 매수 비율: 1.2, 매수 금액: 4.527616 USD
2024-12-12 23:34:06,698 - DEBUG - MCRB 매수 비율: 1, 매수 금액: 3.773013 USD
2024-12-12 23:34:10,147 - DEBUG - LGHL 매수 비율: 1.2, 매수 금액: 4.527616 USD
2024-12-12 23:34:13,614 - DEBUG - MHUA 매수 비율: 1, 매수 금액: 3.773013 USD
2024-12-12 23:34:16,994 - DEBUG - MULN 매수 비율: 1.2, 매수 금액: 4.527616 USD
2024-12-12 23:34:20,382 - DEBUG - MYNZ 매수 비율: 1, 매수 금액: 3.773013 USD
2024-12-12 23:34:20,456 - WARNING - MYNZ: 최소 매수 수량 미만. 건너뜀.
2024-12-12 23:34:20,457 - DEBUG - HOVR 매수 비율: 1, 매수 금액: 3.773013 USD
2024-12-12 23:34:23,788 - DEBUG - JDZG 매수 비율: 1.2, 매수 금액: 4.527616 USD
2024-12-12 23:34:27,156 - DEBUG - NMHI 매수 비율: 1.2, 매수 금액: 4.527616 USD
2024-12-12 23:34:30,520 - DEBUG - RIME 매수 비율: 1.2, 매수 금액: 4.527616 USD
2024-12-12 23:34:33,887 - DEBUG - QNRX 매수 비율: 1.2, 매수 금액: 4.527616 USD
2024-12-12 23:34:37,264 - DEBUG - RLX 매수 비율: 1.2, 매수 금액: 4.527616 USD
2024-12-12 23:34:40,757 - DEBUG - RVPH 매수 비율: 1, 매수 금액: 3.773013 USD
2024-12-12 23:34:44,152 - DEBUG - SEDG 매수 비율: 1, 매수 금액: 3.773013 USD
2024-12-12 23:34:44,235 - WARNING - SEDG: 최소 매수 수량 미만. 건너뜀.
2024-12-12 23:34:44,236 - DEBUG - SINT 매수 비율: 1.2, 매수 금액: 4.527616 USD
2024-12-12 23:34:47,536 - DEBUG - SOAR 매수 비율: 1.2, 매수 금액: 4.527616 USD
2024-12-12 23:34:51,253 - DEBUG - BENF 매수 비율: 1, 매수 금액: 3.773013 USD
2024-12-12 23:34:54,543 - DEBUG - BURU 매수 비율: 1.2, 매수 금액: 4.527616 USD
2024-12-12 23:34:58,350 - DEBUG - EYEN 매수 비율: 1.2, 매수 금액: 4.527616 USD
2024-12-12 23:35:01,820 - DEBUG - MRVL 매수 비율: 1.2, 매수 금액: 4.527616 USD
2024-12-12 23:35:01,958 - WARNING - MRVL: 최소 매수 수량 미만. 건너뜀.
2024-12-12 23:35:01,958 - DEBUG - MMV 매수 비율: 1, 매수 금액: 3.773013 USD
2024-12-12 23:35:05,276 - DEBUG - HTZ 매수 비율: 1.2, 매수 금액: 4.527616 USD
2024-12-12 23:35:08,734 - DEBUG - IOT 매수 비율: 1, 매수 금액: 3.773013 USD
2024-12-12 23:35:08,804 - WARNING - IOT: 최소 매수 수량 미만. 건너뜀.
2024-12-12 23:35:08,805 - DEBUG - OKLO 매수 비율: 1.2, 매수 금액: 4.527616 USD
2024-12-12 23:35:08,883 - WARNING - OKLO: 최소 매수 수량 미만. 건너뜀.
2024-12-12 23:35:08,885 - DEBUG - PATH 매수 비율: 1.2, 매수 금액: 4.527616 USD
2024-12-12 23:35:08,953 - WARNING - PATH: 최소 매수 수량 미만. 건너뜀.
2024-12-12 23:35:08,954 - DEBUG - NET 매수 비율: 1, 매수 금액: 3.773013 USD
2024-12-12 23:35:09,062 - WARNING - NET: 최소 매수 수량 미만. 건너뜀.
2024-12-12 23:35:09,062 - DEBUG - PBM 매수 비율: 1.2, 매수 금액: 4.527616 USD
2024-12-12 23:35:12,428 - DEBUG - PRQR 매수 비율: 1.2, 매수 금액: 4.527616 USD
2024-12-12 23:35:15,944 - DEBUG - S 매수 비율: 1, 매수 금액: 3.773013 USD
2024-12-12 23:35:16,029 - WARNING - S: 최소 매수 수량 미만. 건너뜀.
2024-12-12 23:35:16,029 - DEBUG - SAIH 매수 비율: 1.2, 매수 금액: 4.527616 USD
2024-12-12 23:35:20,004 - INFO - 총 매도 주문 종목 수 : 37 개
2024-12-12 23:35:20,005 - INFO - 총 매수 주문 종목 수 : 72 개
2024-12-12 23:35:20,461 - INFO - 현재 보유 종목: 74 개
2024-12-12 23:35:21,028 - INFO - 자동매매 프로그램 종료.
2024-12-13 23:30:08,740 - INFO - 자동매매 프로그램 시작.
2024-12-13 23:30:08,914 - DEBUG - 접근 토큰을 성공적으로 가져왔습니다.
2024-12-13 23:30:09,053 - INFO - 총 외화예수금액: 501.020000 USD
총 외화일반주문가능금액: 644.84 USD
총 외화주문가능금액(원화주문가능환산금액): 0.000000 USD
2024-12-13 23:30:09,337 - INFO - 매도 조건 확인 및 매도 주문 실행 중...
2024-12-13 23:30:40,151 - INFO - 수익률이 음수이거나 0%인 포지션의 보유 기간 확인 중...
2024-12-13 23:30:40,422 - DEBUG - AKTS의 보유 기간: 1일
2024-12-13 23:30:40,422 - DEBUG - BURU의 보유 기간: 1일
2024-12-13 23:30:40,422 - DEBUG - BYND의 보유 기간: 2일
2024-12-13 23:30:40,423 - DEBUG - BYON의 보유 기간: 2일
2024-12-13 23:30:40,423 - DEBUG - CRKN의 보유 기간: 1일
2024-12-13 23:30:40,423 - DEBUG - EYEN의 보유 기간: 1일
2024-12-13 23:30:40,424 - DEBUG - HCWB의 보유 기간: 1일
2024-12-13 23:30:40,424 - DEBUG - HOLO의 보유 기간: 1일
2024-12-13 23:30:40,424 - DEBUG - HOVR의 보유 기간: 1일
2024-12-13 23:30:40,425 - DEBUG - HRTX의 보유 기간: 1일
2024-12-13 23:30:40,425 - DEBUG - HTZ의 보유 기간: 1일
2024-12-13 23:30:40,425 - DEBUG - HWH의 보유 기간: 1일
2024-12-13 23:30:40,425 - DEBUG - IAUX의 보유 기간: 1일
2024-12-13 23:30:40,426 - DEBUG - ICCT의 보유 기간: 1일
2024-12-13 23:30:40,426 - DEBUG - IDAI의 보유 기간: 1일
2024-12-13 23:30:40,426 - DEBUG - IQ의 보유 기간: 1일
2024-12-13 23:30:40,427 - DEBUG - JDZG의 보유 기간: 1일
2024-12-13 23:30:40,427 - DEBUG - JFBR의 보유 기간: 1일
2024-12-13 23:30:40,427 - DEBUG - JL의 보유 기간: 1일
2024-12-13 23:30:40,428 - DEBUG - KLTO의 보유 기간: 1일
2024-12-13 23:30:40,428 - DEBUG - KOS의 보유 기간: 1일
2024-12-13 23:30:40,429 - DEBUG - KULR의 보유 기간: 1일
2024-12-13 23:30:40,429 - DEBUG - KXIN의 보유 기간: 1일
2024-12-13 23:30:40,429 - DEBUG - LAES의 보유 기간: 1일
2024-12-13 23:30:40,430 - DEBUG - LAZR의 보유 기간: 2일
2024-12-13 23:30:40,430 - DEBUG - LESL의 보유 기간: 1일
2024-12-13 23:30:40,431 - DEBUG - LGHL의 보유 기간: 1일
2024-12-13 23:30:40,431 - DEBUG - LGMK의 보유 기간: 1일
2024-12-13 23:30:40,431 - DEBUG - LU의 보유 기간: 2일
2024-12-13 23:30:40,432 - DEBUG - LXRX의 보유 기간: 1일
2024-12-13 23:30:40,432 - DEBUG - MHUA의 보유 기간: 2일
2024-12-13 23:30:40,432 - DEBUG - MTC의 보유 기간: 1일
2024-12-13 23:30:40,433 - DEBUG - MTEM의 보유 기간: 1일
2024-12-13 23:30:40,433 - DEBUG - MVST의 보유 기간: 1일
2024-12-13 23:30:40,434 - DEBUG - MYNZ의 보유 기간: 2일
2024-12-13 23:30:40,434 - DEBUG - NIVF의 보유 기간: 1일
2024-12-13 23:30:40,434 - DEBUG - NKGN의 보유 기간: 1일
2024-12-13 23:30:40,434 - DEBUG - NKTR의 보유 기간: 1일
2024-12-13 23:30:40,435 - DEBUG - NMHI의 보유 기간: 1일
2024-12-13 23:30:40,435 - DEBUG - OTLY의 보유 기간: 1일
2024-12-13 23:30:40,435 - DEBUG - PACB의 보유 기간: 1일
2024-12-13 23:30:40,436 - DEBUG - PRFX의 보유 기간: 1일
2024-12-13 23:30:40,436 - DEBUG - PRQR의 보유 기간: 1일
2024-12-13 23:30:40,436 - DEBUG - QBTS의 보유 기간: 1일
2024-12-13 23:30:40,437 - DEBUG - QMMM의 보유 기간: 2일
2024-12-13 23:30:40,437 - DEBUG - QNRX의 보유 기간: 2일
2024-12-13 23:30:40,437 - DEBUG - RCAT의 보유 기간: 2일
2024-12-13 23:30:40,438 - DEBUG - RDFN의 보유 기간: 2일
2024-12-13 23:30:40,438 - DEBUG - RIME의 보유 기간: 1일
2024-12-13 23:30:40,438 - DEBUG - RLX의 보유 기간: 1일
2024-12-13 23:30:40,438 - DEBUG - RR의 보유 기간: 1일
2024-12-13 23:30:40,439 - DEBUG - RXRX의 보유 기간: 2일
2024-12-13 23:30:40,439 - DEBUG - SBSW의 보유 기간: 1일
2024-12-13 23:30:40,439 - DEBUG - SCLX의 보유 기간: 1일
2024-12-13 23:30:40,440 - DEBUG - SES의 보유 기간: 1일
2024-12-13 23:30:40,440 - DEBUG - SGMO의 보유 기간: 1일
2024-12-13 23:30:40,440 - DEBUG - SHLS의 보유 기간: 2일
2024-12-13 23:30:40,441 - DEBUG - SID의 보유 기간: 1일
2024-12-13 23:30:40,441 - DEBUG - SMX의 보유 기간: 1일
2024-12-13 23:30:40,441 - DEBUG - SOAR의 보유 기간: 1일
2024-12-13 23:30:40,442 - DEBUG - STEC의 보유 기간: 1일
2024-12-13 23:30:40,442 - DEBUG - TWG의 보유 기간: 1일
2024-12-13 23:30:40,442 - DEBUG - VS의 보유 기간: 1일
2024-12-13 23:30:40,443 - DEBUG - VTAK의 보유 기간: 1일
2024-12-13 23:30:40,443 - DEBUG - WLDS의 보유 기간: 1일
2024-12-13 23:30:41,174 - INFO - 받은 매매 신호 수: 94
2024-12-13 23:30:41,175 - INFO - 받은 매매 신호 수: 94
2024-12-13 23:30:41,602 - INFO - 매수 가능 현금: 644.840000 USD
2024-12-13 23:30:41,922 - DEBUG - MIR 매수 비율: 1, 매수 금액: 6.118027 USD
2024-12-13 23:30:42,030 - WARNING - MIR: 최소 매수 수량 미만. 건너뜀.
2024-12-13 23:30:42,030 - DEBUG - LRHC 매수 비율: 1.2, 매수 금액: 7.341632 USD
2024-12-13 23:30:45,388 - DEBUG - MLGO 매수 비율: 1.2, 매수 금액: 7.341632 USD
2024-12-13 23:30:46,740 - DEBUG - MNTS 매수 비율: 1, 매수 금액: 6.118027 USD
2024-12-13 23:30:48,110 - DEBUG - HOLO 매수 비율: 1, 매수 금액: 6.118027 USD
2024-12-13 23:30:51,619 - DEBUG - KOS 매수 비율: 1.2, 매수 금액: 7.341632 USD
2024-12-13 23:30:55,202 - DEBUG - KC 매수 비율: 1, 매수 금액: 6.118027 USD
2024-12-13 23:30:55,329 - WARNING - KC: 최소 매수 수량 미만. 건너뜀.
2024-12-13 23:30:55,330 - DEBUG - SVM 매수 비율: 1, 매수 금액: 6.118027 USD
2024-12-13 23:30:58,961 - DEBUG - TFFP 매수 비율: 1, 매수 금액: 6.118027 USD
2024-12-13 23:31:02,364 - DEBUG - AQN 매수 비율: 1.2, 매수 금액: 7.341632 USD
2024-12-13 23:31:05,885 - DEBUG - AKTS 매수 비율: 1.2, 매수 금액: 7.341632 USD
2024-12-13 23:31:09,316 - DEBUG - EFSH 매수 비율: 1.2, 매수 금액: 7.341632 USD
2024-12-13 23:31:12,931 - DEBUG - GOEV 매수 비율: 1.2, 매수 금액: 7.341632 USD
2024-12-13 23:31:16,335 - DEBUG - LUNR 매수 비율: 1.2, 매수 금액: 7.341632 USD
2024-12-13 23:31:16,391 - WARNING - LUNR: 최소 매수 수량 미만. 건너뜀.
2024-12-13 23:31:16,392 - DEBUG - LESL 매수 비율: 1, 매수 금액: 6.118027 USD
2024-12-13 23:31:19,765 - DEBUG - HEPS 매수 비율: 1.2, 매수 금액: 7.341632 USD
2024-12-13 23:31:23,116 - DEBUG - JTAI 매수 비율: 1.2, 매수 금액: 7.341632 USD
2024-12-13 23:31:26,566 - DEBUG - JL 매수 비율: 1, 매수 금액: 6.118027 USD
2024-12-13 23:31:30,073 - DEBUG - OTLY 매수 비율: 1, 매수 금액: 6.118027 USD
2024-12-13 23:31:33,488 - DEBUG - PHUN 매수 비율: 1, 매수 금액: 6.118027 USD
2024-12-13 23:31:36,930 - DEBUG - QMMM 매수 비율: 1, 매수 금액: 6.118027 USD
2024-12-13 23:31:40,318 - DEBUG - SCLX 매수 비율: 1.2, 매수 금액: 7.341632 USD
2024-12-13 23:31:43,705 - DEBUG - SHLS 매수 비율: 1.2, 매수 금액: 7.341632 USD
2024-12-13 23:31:47,058 - DEBUG - EQC 매수 비율: 1.2, 매수 금액: 7.341632 USD
2024-12-13 23:31:50,567 - DEBUG - BYND 매수 비율: 1, 매수 금액: 6.118027 USD
2024-12-13 23:31:53,941 - DEBUG - LOW 매수 비율: 1, 매수 금액: 6.118027 USD
2024-12-13 23:31:54,062 - WARNING - LOW: 최소 매수 수량 미만. 건너뜀.
2024-12-13 23:31:54,063 - DEBUG - LU 매수 비율: 1, 매수 금액: 6.118027 USD
2024-12-13 23:31:57,535 - DEBUG - LYEL 매수 비율: 1, 매수 금액: 6.118027 USD
2024-12-13 23:32:00,816 - DEBUG - LGMK 매수 비율: 1.2, 매수 금액: 7.341632 USD
2024-12-13 23:32:04,168 - DEBUG - IQ 매수 비율: 1.2, 매수 금액: 7.341632 USD
2024-12-13 23:32:07,590 - DEBUG - QUBT 매수 비율: 1.2, 매수 금액: 7.341632 USD
2024-12-13 23:32:10,941 - DEBUG - RR 매수 비율: 1.2, 매수 금액: 7.341632 USD
2024-12-13 23:32:14,271 - DEBUG - SENS 매수 비율: 1, 매수 금액: 6.118027 USD
2024-12-13 23:32:18,085 - DEBUG - SOFI 매수 비율: 1.2, 매수 금액: 7.341632 USD
2024-12-13 23:32:18,215 - WARNING - SOFI: 최소 매수 수량 미만. 건너뜀.
2024-12-13 23:32:18,216 - DEBUG - HRTX 매수 비율: 1, 매수 금액: 6.118027 USD
2024-12-13 23:32:21,544 - DEBUG - LYG 매수 비율: 1.2, 매수 금액: 7.341632 USD
2024-12-13 23:32:25,078 - DEBUG - MLCO 매수 비율: 1, 매수 금액: 6.118027 USD
2024-12-13 23:32:25,161 - WARNING - MLCO: 최소 매수 수량 미만. 건너뜀.
2024-12-13 23:32:25,162 - DEBUG - LAZR 매수 비율: 1.2, 매수 금액: 7.341632 USD
2024-12-13 23:32:28,466 - DEBUG - MVST 매수 비율: 1.2, 매수 금액: 7.341632 USD
2024-12-13 23:32:31,892 - DEBUG - IAUX 매수 비율: 1.2, 매수 금액: 7.341632 USD
2024-12-13 23:32:35,447 - DEBUG - IDAI 매수 비율: 1, 매수 금액: 6.118027 USD
2024-12-13 23:32:38,793 - DEBUG - ICCT 매수 비율: 1.2, 매수 금액: 7.341632 USD
2024-12-13 23:32:42,128 - DEBUG - KLTO 매수 비율: 1, 매수 금액: 6.118027 USD
2024-12-13 23:32:45,469 - DEBUG - NIVF 매수 비율: 1.2, 매수 금액: 7.341632 USD
2024-12-13 23:32:48,867 - DEBUG - NKGN 매수 비율: 1, 매수 금액: 6.118027 USD
2024-12-13 23:32:52,243 - DEBUG - SMX 매수 비율: 1, 매수 금액: 6.118027 USD
2024-12-13 23:32:55,621 - DEBUG - LXRX 매수 비율: 1, 매수 금액: 6.118027 USD
2024-12-13 23:32:58,985 - DEBUG - NVAX 매수 비율: 1.2, 매수 금액: 7.341632 USD
2024-12-13 23:32:59,124 - WARNING - NVAX: 최소 매수 수량 미만. 건너뜀.
2024-12-13 23:32:59,125 - DEBUG - PRFX 매수 비율: 1.2, 매수 금액: 7.341632 USD
2024-12-13 23:33:02,618 - DEBUG - PTON 매수 비율: 1.2, 매수 금액: 7.341632 USD
2024-12-13 23:33:02,766 - WARNING - PTON: 최소 매수 수량 미만. 건너뜀.
2024-12-13 23:33:02,767 - DEBUG - SID 매수 비율: 1, 매수 금액: 6.118027 USD
2024-12-13 23:33:06,247 - DEBUG - VTAK 매수 비율: 1.2, 매수 금액: 7.341632 USD
2024-12-13 23:33:09,896 - DEBUG - TWG 매수 비율: 1.2, 매수 금액: 7.341632 USD
2024-12-13 23:33:13,292 - DEBUG - CRKN 매수 비율: 1.2, 매수 금액: 7.341632 USD
2024-12-13 23:33:16,808 - DEBUG - LX 매수 비율: 1, 매수 금액: 6.118027 USD
2024-12-13 23:33:20,250 - DEBUG - LYRA 매수 비율: 1, 매수 금액: 6.118027 USD
2024-12-13 23:33:23,629 - DEBUG - LAES 매수 비율: 1.2, 매수 금액: 7.341632 USD
2024-12-13 23:33:27,072 - DEBUG - MTEM 매수 비율: 1, 매수 금액: 6.118027 USD
2024-12-13 23:33:30,439 - DEBUG - MTC 매수 비율: 1, 매수 금액: 6.118027 USD
2024-12-13 23:33:33,811 - DEBUG - HAO 매수 비율: 1.2, 매수 금액: 7.341632 USD
2024-12-13 23:33:37,215 - DEBUG - HUMA 매수 비율: 1, 매수 금액: 6.118027 USD
2024-12-13 23:33:40,648 - DEBUG - HWH 매수 비율: 1.2, 매수 금액: 7.341632 USD
2024-12-13 23:33:44,025 - DEBUG - JFBR 매수 비율: 1.2, 매수 금액: 7.341632 USD
2024-12-13 23:33:47,403 - DEBUG - KULR 매수 비율: 1.2, 매수 금액: 7.341632 USD
2024-12-13 23:33:51,104 - DEBUG - KXIN 매수 비율: 1.2, 매수 금액: 7.341632 USD
2024-12-13 23:33:54,441 - DEBUG - REI 매수 비율: 1, 매수 금액: 6.118027 USD
2024-12-13 23:33:58,109 - DEBUG - RDFN 매수 비율: 1.2, 매수 금액: 7.341632 USD
2024-12-13 23:33:58,202 - WARNING - RDFN: 최소 매수 수량 미만. 건너뜀.
2024-12-13 23:33:58,203 - DEBUG - SES 매수 비율: 1.2, 매수 금액: 7.341632 USD
2024-12-13 23:34:01,656 - DEBUG - WLDS 매수 비율: 1.2, 매수 금액: 7.341632 USD
2024-12-13 23:34:05,084 - DEBUG - GLYC 매수 비율: 1.2, 매수 금액: 7.341632 USD
2024-12-13 23:34:08,458 - DEBUG - LODE 매수 비율: 1, 매수 금액: 6.118027 USD
2024-12-13 23:34:12,102 - DEBUG - MCRB 매수 비율: 1, 매수 금액: 6.118027 USD
2024-12-13 23:34:15,512 - DEBUG - LGHL 매수 비율: 1.2, 매수 금액: 7.341632 USD
2024-12-13 23:34:18,883 - DEBUG - MHUA 매수 비율: 1, 매수 금액: 6.118027 USD
2024-12-13 23:34:22,242 - DEBUG - MULN 매수 비율: 1.2, 매수 금액: 7.341632 USD
2024-12-13 23:34:25,564 - DEBUG - MYNZ 매수 비율: 1, 매수 금액: 6.118027 USD
2024-12-13 23:34:28,977 - DEBUG - HOVR 매수 비율: 1, 매수 금액: 6.118027 USD
2024-12-13 23:34:32,494 - DEBUG - JDZG 매수 비율: 1.2, 매수 금액: 7.341632 USD
2024-12-13 23:34:35,867 - DEBUG - NMHI 매수 비율: 1.2, 매수 금액: 7.341632 USD
2024-12-13 23:34:39,288 - DEBUG - RIME 매수 비율: 1.2, 매수 금액: 7.341632 USD
2024-12-13 23:34:42,687 - DEBUG - QNRX 매수 비율: 1.2, 매수 금액: 7.341632 USD
2024-12-13 23:34:46,066 - DEBUG - RLX 매수 비율: 1.2, 매수 금액: 7.341632 USD
2024-12-13 23:34:49,547 - DEBUG - RVPH 매수 비율: 1, 매수 금액: 6.118027 USD
2024-12-13 23:34:53,000 - DEBUG - SINT 매수 비율: 1.2, 매수 금액: 7.341632 USD
2024-12-13 23:34:56,390 - DEBUG - SOAR 매수 비율: 1.2, 매수 금액: 7.341632 USD
2024-12-13 23:35:00,153 - DEBUG - BTCT 매수 비율: 1.2, 매수 금액: 7.341632 USD
2024-12-13 23:35:03,613 - DEBUG - BURU 매수 비율: 1.2, 매수 금액: 7.341632 USD
2024-12-13 23:35:07,435 - DEBUG - CDT 매수 비율: 1.2, 매수 금액: 7.341632 USD
2024-12-13 23:35:10,832 - DEBUG - EYEN 매수 비율: 1.2, 매수 금액: 7.341632 USD
2024-12-13 23:35:14,282 - DEBUG - GEVO 매수 비율: 1.2, 매수 금액: 7.341632 USD
2024-12-13 23:35:17,629 - DEBUG - MMV 매수 비율: 1, 매수 금액: 6.118027 USD
2024-12-13 23:35:21,006 - DEBUG - OKLO 매수 비율: 1.2, 매수 금액: 7.341632 USD
2024-12-13 23:35:21,107 - WARNING - OKLO: 최소 매수 수량 미만. 건너뜀.
2024-12-13 23:35:21,108 - DEBUG - PBM 매수 비율: 1.2, 매수 금액: 7.341632 USD
2024-12-13 23:35:24,537 - DEBUG - VRPX 매수 비율: 1.2, 매수 금액: 7.341632 USD
2024-12-13 23:35:28,688 - INFO - 총 매도 주문 종목 수 : 12 개
2024-12-13 23:35:28,688 - INFO - 총 매수 주문 종목 수 : 82 개
2024-12-13 23:35:29,151 - INFO - 현재 보유 종목: 92 개
2024-12-13 23:35:29,589 - INFO - 자동매매 프로그램 종료.
2024-12-18 00:08:39,417 - INFO - 전체 매도 스크립트 시작.
2024-12-18 00:08:39,419 - INFO - Oracle DB 연결 성공
2024-12-18 00:08:39,627 - DEBUG - 접근 토큰을 성공적으로 가져왔습니다.
2024-12-18 00:08:40,647 - INFO - AKTS 149주 매도 성공
2024-12-18 00:08:41,903 - INFO - AQN 1주 매도 성공
2024-12-18 00:08:43,184 - INFO - BTCT 1주 매도 성공
2024-12-18 00:08:44,610 - INFO - BURU 29주 매도 성공
2024-12-18 00:08:45,829 - INFO - BYND 3주 매도 성공
2024-12-18 00:08:47,194 - INFO - BYON 1주 매도 성공
2024-12-18 00:08:48,436 - INFO - CDT 90주 매도 성공
2024-12-18 00:08:49,607 - INFO - CRKN 106주 매도 성공
2024-12-18 00:08:51,333 - INFO - EFSH 26주 매도 성공
2024-12-18 00:08:52,664 - INFO - EQC 4주 매도 성공
2024-12-18 00:08:53,952 - INFO - EYEN 135주 매도 성공
2024-12-18 00:08:55,162 - INFO - GEVO 4주 매도 성공
2024-12-18 00:08:56,379 - INFO - GLYC 29주 매도 성공
2024-12-18 00:08:57,528 - INFO - GOEV 45주 매도 성공
2024-12-18 00:08:58,820 - INFO - HAO 56주 매도 성공
2024-12-18 00:08:59,977 - INFO - HCWB 35주 매도 성공
2024-12-18 00:09:01,225 - INFO - HOLO 12주 매도 성공
2024-12-18 00:09:02,459 - INFO - HRTX 11주 매도 성공
2024-12-18 00:09:03,783 - INFO - HTZ 3주 매도 성공
2024-12-18 00:09:04,999 - INFO - HUMA 1주 매도 성공
2024-12-18 00:09:06,171 - INFO - HWH 19주 매도 성공
2024-12-18 00:09:07,713 - INFO - IAUX 41주 매도 성공
2024-12-18 00:09:08,917 - INFO - ICCT 68주 매도 성공
2024-12-18 00:09:10,205 - ERROR - IDAI 매도 주문 실패: {'success': False, 'data': None, 'error': 'IDAI SELL 주문: 모든 거래소에서 주문이 실패했습니다.'}
2024-12-18 00:09:11,403 - INFO - IQ 4주 매도 성공
2024-12-18 00:09:12,599 - INFO - JDZG 29주 매도 성공
2024-12-18 00:09:13,719 - INFO - JFBR 7주 매도 성공
2024-12-18 00:09:14,840 - INFO - JL 6주 매도 성공
2024-12-18 00:09:16,049 - INFO - JTAI 1주 매도 성공
2024-12-18 00:09:17,275 - INFO - KLTO 7주 매도 성공
2024-12-18 00:09:18,597 - INFO - KOS 6주 매도 성공
2024-12-18 00:09:19,768 - INFO - KXIN 6주 매도 성공
2024-12-18 00:09:20,959 - INFO - LAZR 2주 매도 성공
2024-12-18 00:09:22,199 - INFO - LESL 7주 매도 성공
2024-12-18 00:09:23,456 - INFO - LGHL 152주 매도 성공
2024-12-18 00:09:24,658 - INFO - LGMK 12주 매도 성공
2024-12-18 00:09:26,328 - INFO - LODE 15주 매도 성공
2024-12-18 00:09:27,475 - INFO - LRHC 10주 매도 성공
2024-12-18 00:09:29,051 - INFO - LU 5주 매도 성공
2024-12-18 00:09:30,231 - INFO - LX 1주 매도 성공
2024-12-18 00:09:31,518 - INFO - LXRX 11주 매도 성공
2024-12-18 00:09:32,725 - INFO - LYEL 8주 매도 성공
2024-12-18 00:09:34,251 - INFO - LYG 2주 매도 성공
2024-12-18 00:09:35,341 - INFO - LYRA 31주 매도 성공
2024-12-18 00:09:36,514 - INFO - MCRB 6주 매도 성공
2024-12-18 00:09:37,694 - INFO - MHUA 27주 매도 성공
2024-12-18 00:09:38,995 - INFO - MMV 10주 매도 성공
2024-12-18 00:09:40,228 - INFO - MTC 84주 매도 성공
2024-12-18 00:09:41,460 - INFO - MTEM 23주 매도 성공
2024-12-18 00:09:42,643 - INFO - MULN 4주 매도 성공
2024-12-18 00:09:43,811 - INFO - MVST 17주 매도 성공
2024-12-18 00:09:45,016 - INFO - MYNZ 2주 매도 성공
2024-12-18 00:09:46,138 - INFO - NIVF 61주 매도 성공
2024-12-18 00:09:47,306 - INFO - NKGN 20주 매도 성공
2024-12-18 00:09:48,507 - INFO - NKTR 3주 매도 성공
2024-12-18 00:09:49,690 - INFO - NMHI 9주 매도 성공
2024-12-18 00:09:50,877 - INFO - OTLY 27주 매도 성공
2024-12-18 00:09:52,136 - INFO - PACB 1주 매도 성공
2024-12-18 00:09:53,359 - INFO - PBM 5주 매도 성공
2024-12-18 00:09:54,530 - INFO - PHUN 1주 매도 성공
2024-12-18 00:09:55,708 - INFO - PRFX 7주 매도 성공
2024-12-18 00:09:56,907 - INFO - PRQR 4주 매도 성공
2024-12-18 00:09:58,093 - INFO - QMMM 22주 매도 성공
2024-12-18 00:09:59,305 - INFO - QNRX 27주 매도 성공
2024-12-18 00:10:00,479 - INFO - RDFN 1주 매도 성공
2024-12-18 00:10:02,143 - INFO - REI 4주 매도 성공
2024-12-18 00:10:03,322 - INFO - RIME 290주 매도 성공
2024-12-18 00:10:04,778 - INFO - RLX 5주 매도 성공
2024-12-18 00:10:06,024 - INFO - RVPH 3주 매도 성공
2024-12-18 00:10:07,245 - INFO - RXRX 1주 매도 성공
2024-12-18 00:10:08,566 - INFO - SBSW 3주 매도 성공
2024-12-18 00:10:09,850 - INFO - SCLX 44주 매도 성공
2024-12-18 00:10:11,156 - INFO - SES 28주 매도 성공
2024-12-18 00:10:12,388 - INFO - SHLS 3주 매도 성공
2024-12-18 00:10:13,774 - INFO - SID 9주 매도 성공
2024-12-18 00:10:14,985 - INFO - SINT 6주 매도 성공
2024-12-18 00:10:16,126 - INFO - SMX 57주 매도 성공
2024-12-18 00:10:17,597 - INFO - SOAR 90주 매도 성공
2024-12-18 00:10:18,724 - INFO - STEC 4주 매도 성공
2024-12-18 00:10:20,290 - INFO - SVM 1주 매도 성공
2024-12-18 00:10:21,569 - INFO - TWG 98주 매도 성공
2024-12-18 00:10:22,746 - INFO - VS 2주 매도 성공
2024-12-18 00:10:24,380 - INFO - VTAK 63주 매도 성공
2024-12-18 00:10:25,532 - INFO - WLDS 13주 매도 성공
2024-12-18 00:10:26,932 - INFO - 매도 후 현재 보유 종목: 36 개
2024-12-18 00:10:27,392 - INFO - 총 해외실현손익금액: 0.0000 USD
2024-12-18 00:10:27,696 - INFO - 전체 매도 스크립트 종료.
2025-01-14 00:10:39,854 - INFO - 자동매매 프로그램 시작.
2025-01-14 00:10:40,088 - DEBUG - 접근 토큰을 성공적으로 가져왔습니다.
2025-01-14 00:10:40,240 - INFO - 총 외화예수금액: 42.320000 USD
총 외화일반주문가능금액: 1251.70 USD
총 외화주문가능금액(원화주문가능환산금액): 0.000000 USD
2025-01-14 00:10:40,563 - INFO - 매도 조건 확인 및 매도 주문 실행 중...
2025-01-14 00:10:41,300 - INFO - 보유 포지션 없음 -> 매도 로직 스킵, 매수 진행
2025-01-14 00:10:42,735 - INFO - 받은 매매 신호 수: 20
2025-01-14 00:10:43,112 - INFO - 매수 가능 현금: 1251.700000 USD, 종목 수: 20, 1종목당 62.585000 USD
2025-01-14 00:11:00,193 - WARNING - EXE: 최소 매수 수량(0) < 1, 건너뜀
2025-01-14 00:11:12,938 - WARNING - INSP: 최소 매수 수량(0) < 1, 건너뜀
2025-01-14 00:11:12,970 - WARNING - NARI: 최소 매수 수량(0) < 1, 건너뜀
2025-01-14 00:11:23,222 - WARNING - TER: 최소 매수 수량(0) < 1, 건너뜀
2025-01-14 00:11:33,807 - INFO - 총 매도 주문 종목 수 : 0 개
2025-01-14 00:11:33,808 - INFO - 총 매수 주문 종목 수 : 14 개
2025-01-14 00:11:34,261 - INFO - 현재 보유 종목: 11 개
2025-01-14 00:11:34,716 - INFO - 자동매매 프로그램 종료.
2025-01-14 23:48:59,248 - INFO - 자동매매 프로그램 시작.
2025-01-14 23:48:59,258 - DEBUG - 접근 토큰을 성공적으로 가져왔습니다.
2025-01-14 23:48:59,425 - INFO - 총 외화예수금액: 42.320000 USD
총 외화일반주문가능금액: 481.48 USD
총 외화주문가능금액(원화주문가능환산금액): 0.000000 USD
2025-01-14 23:48:59,723 - INFO - 매도 조건 확인 및 매도 주문 실행 중...
2025-01-14 23:49:13,442 - INFO - 음수/0% 포지션 보유 기간 확인 및 손절 로직 진행...
2025-01-14 23:49:13,794 - DEBUG - AEHR 보유기간: 1일
2025-01-14 23:49:13,795 - DEBUG - CGC 보유기간: 1일
2025-01-14 23:49:13,795 - DEBUG - FUBO 보유기간: 1일
2025-01-14 23:49:13,796 - DEBUG - GDS 보유기간: 1일
2025-01-14 23:49:13,796 - DEBUG - TPET 보유기간: 1일
2025-01-14 23:49:13,796 - DEBUG - WNW 보유기간: 1일
2025-01-14 23:49:14,476 - INFO - 받은 매매 신호 수: 20
2025-01-14 23:49:14,755 - INFO - 매수 가능 현금: 481.480000 USD, 종목 수: 20, 1종목당 24.074000 USD
2025-01-14 23:49:18,630 - WARNING - AR: 최소 매수 수량(0) < 1, 건너뜀
2025-01-14 23:49:18,744 - WARNING - BP: 최소 매수 수량(0) < 1, 건너뜀
2025-01-14 23:49:25,482 - WARNING - DINO: 최소 매수 수량(0) < 1, 건너뜀
2025-01-14 23:49:25,662 - WARNING - DVN: 최소 매수 수량(0) < 1, 건너뜀
2025-01-14 23:49:34,106 - WARNING - PDS: 최소 매수 수량(0) < 1, 건너뜀
2025-01-14 23:49:37,429 - WARNING - SMAR: 최소 매수 수량(0) < 1, 건너뜀
2025-01-14 23:49:37,500 - WARNING - SU: 최소 매수 수량(0) < 1, 건너뜀
2025-01-14 23:49:57,891 - INFO - 총 매도 주문 종목 수 : 8 개
2025-01-14 23:49:57,892 - INFO - 총 매수 주문 종목 수 : 12 개
2025-01-14 23:49:58,338 - INFO - 현재 보유 종목: 13 개
2025-01-14 23:49:58,828 - INFO - 자동매매 프로그램 종료.
2025-01-14 23:52:37,266 - INFO - 자동매매 프로그램 시작.
2025-01-14 23:52:37,267 - DEBUG - 접근 토큰을 성공적으로 가져왔습니다.
2025-01-14 23:52:37,376 - INFO - 총 외화예수금액: 42.320000 USD
총 외화일반주문가능금액: 522.06 USD
총 외화주문가능금액(원화주문가능환산금액): 0.000000 USD
2025-01-14 23:52:37,723 - INFO - 매도 조건 확인 및 매도 주문 실행 중...
2025-01-14 23:52:38,771 - INFO - AMPX: 매수일(2025-01-14)이 오늘(2025-01-14)이므로 매도 로직 건너뜀.
2025-01-14 23:52:38,888 - INFO - BTE: 매수일(2025-01-14)이 오늘(2025-01-14)이므로 매도 로직 건너뜀.
2025-01-14 23:52:39,055 - INFO - CGC: 매수일(2025-01-14)이 오늘(2025-01-14)이므로 매도 로직 건너뜀.
2025-01-14 23:52:39,207 - INFO - FUBO: 매수일(2025-01-14)이 오늘(2025-01-14)이므로 매도 로직 건너뜀.
2025-01-14 23:52:39,605 - INFO - NEUE: 매수일(2025-01-14)이 오늘(2025-01-14)이므로 매도 로직 건너뜀.
2025-01-14 23:52:39,876 - INFO - PLUG: 매수일(2025-01-14)이 오늘(2025-01-14)이므로 매도 로직 건너뜀.
2025-01-14 23:52:40,073 - INFO - SUPV: 매수일(2025-01-14)이 오늘(2025-01-14)이므로 매도 로직 건너뜀.
2025-01-14 23:52:40,412 - INFO - VRN: 매수일(2025-01-14)이 오늘(2025-01-14)이므로 매도 로직 건너뜀.
2025-01-14 23:52:40,558 - INFO - WNW: 매수일(2025-01-14)이 오늘(2025-01-14)이므로 매도 로직 건너뜀.
2025-01-14 23:52:40,663 - INFO - YYAI: 매수일(2025-01-14)이 오늘(2025-01-14)이므로 매도 로직 건너뜀.
2025-01-14 23:52:42,492 - INFO - 음수/0% 포지션 보유 기간 확인 및 손절 로직 진행...
2025-01-14 23:52:42,891 - DEBUG - AEHR 보유기간: 1일
2025-01-14 23:52:42,892 - DEBUG - GDS 보유기간: 1일
2025-01-14 23:52:42,892 - DEBUG - GME 보유기간: 1일
2025-01-14 23:52:42,893 - DEBUG - TPET 보유기간: 1일
2025-01-14 23:52:43,613 - INFO - 받은 매매 신호 수: 20
2025-01-14 23:52:43,913 - INFO - 매수 가능 현금: 522.060000 USD, 종목 수: 20, 1종목당 26.103000 USD
2025-01-14 23:52:47,708 - WARNING - AR: 최소 매수 수량(0) < 1, 건너뜀
2025-01-14 23:52:47,929 - WARNING - BP: 최소 매수 수량(0) < 1, 건너뜀
2025-01-14 23:52:54,688 - WARNING - DINO: 최소 매수 수량(0) < 1, 건너뜀
2025-01-14 23:52:54,852 - WARNING - DVN: 최소 매수 수량(0) < 1, 건너뜀
2025-01-14 23:53:03,113 - WARNING - PDS: 최소 매수 수량(0) < 1, 건너뜀
2025-01-14 23:53:06,426 - WARNING - SMAR: 최소 매수 수량(0) < 1, 건너뜀
2025-01-14 23:53:06,525 - WARNING - SU: 최소 매수 수량(0) < 1, 건너뜀
2025-01-14 23:53:26,716 - INFO - 총 매도 주문 종목 수 : 0 개
2025-01-14 23:53:26,717 - INFO - 총 매수 주문 종목 수 : 12 개
2025-01-14 23:53:27,092 - INFO - 현재 보유 종목: 16 개
2025-01-14 23:53:27,493 - INFO - 자동매매 프로그램 종료.
2025-01-15 00:27:53,472 - INFO - 자동매매 프로그램 시작.
2025-01-15 00:27:53,697 - DEBUG - 접근 토큰을 성공적으로 가져왔습니다.
2025-01-15 00:27:53,810 - INFO - 총 외화예수금액: 42.320000 USD
총 외화일반주문가능금액: 262.80 USD
총 외화주문가능금액(원화주문가능환산금액): 0.000000 USD
2025-01-15 00:27:54,396 - INFO - 매도 조건 확인 및 매도 주문 실행 중...
2025-01-15 00:28:00,295 - INFO - 음수/0% 포지션 보유 기간 확인 및 손절 로직 진행...
2025-01-15 00:28:00,612 - DEBUG - AEHR 보유기간: 2일
2025-01-15 00:28:00,613 - DEBUG - AMPX 보유기간: 1일
2025-01-15 00:28:00,613 - DEBUG - BTE 보유기간: 1일
2025-01-15 00:28:00,614 - DEBUG - CGC 보유기간: 1일
2025-01-15 00:28:00,614 - DEBUG - FUBO 보유기간: 1일
2025-01-15 00:28:00,614 - DEBUG - GDS 보유기간: 2일
2025-01-15 00:28:00,614 - DEBUG - GME 보유기간: 2일
2025-01-15 00:28:00,615 - DEBUG - NEUE 보유기간: 1일
2025-01-15 00:28:00,615 - DEBUG - PLUG 보유기간: 1일
2025-01-15 00:28:00,615 - DEBUG - SUPV 보유기간: 1일
2025-01-15 00:28:00,616 - DEBUG - TPET 보유기간: 2일
2025-01-15 00:28:00,616 - DEBUG - VNET 보유기간: 1일
2025-01-15 00:28:00,616 - DEBUG - VRN 보유기간: 1일
2025-01-15 00:28:00,617 - DEBUG - WIT 보유기간: 1일
2025-01-15 00:28:00,617 - DEBUG - WNW 보유기간: 1일
2025-01-15 00:28:01,191 - INFO - 받은 매매 신호 수: 20
2025-01-15 00:28:01,575 - INFO - 매수 가능 현금: 262.800000 USD, 종목 수: 20, 1종목당 13.140000 USD
2025-01-15 00:28:05,370 - WARNING - AR: 최소 매수 수량(0) < 1, 건너뜀
2025-01-15 00:28:05,471 - WARNING - BP: 최소 매수 수량(0) < 1, 건너뜀
2025-01-15 00:28:12,265 - WARNING - DINO: 최소 매수 수량(0) < 1, 건너뜀
2025-01-15 00:28:12,325 - WARNING - DVN: 최소 매수 수량(0) < 1, 건너뜀
2025-01-15 00:28:15,793 - WARNING - GEAR: 최소 매수 수량(0) < 1, 건너뜀
2025-01-15 00:28:19,301 - WARNING - PDS: 최소 매수 수량(0) < 1, 건너뜀
2025-01-15 00:28:22,603 - WARNING - SMAR: 최소 매수 수량(0) < 1, 건너뜀
2025-01-15 00:28:22,734 - WARNING - SU: 최소 매수 수량(0) < 1, 건너뜀
2025-01-15 00:28:22,857 - WARNING - SUPV: 최소 매수 수량(0) < 1, 건너뜀
2025-01-15 00:28:37,631 - INFO - 총 매도 주문 종목 수 : 2 개
2025-01-15 00:28:37,633 - INFO - 총 매수 주문 종목 수 : 10 개
2025-01-15 00:28:38,076 - INFO - 현재 보유 종목: 17 개
2025-01-15 00:28:38,499 - INFO - 자동매매 프로그램 종료.
2025-01-16 01:17:19,609 - INFO - 자동매매 프로그램 시작.
2025-01-16 01:17:19,848 - DEBUG - 접근 토큰을 성공적으로 가져왔습니다.
2025-01-16 01:17:20,006 - INFO - 총 외화예수금액: 484.130000 USD
총 외화일반주문가능금액: 429.21 USD
총 외화주문가능금액(원화주문가능환산금액): 0.000000 USD
2025-01-16 01:17:20,308 - INFO - 매도 조건 확인 및 매도 주문 실행 중...
2025-01-16 01:17:27,812 - INFO - 음수/0% 포지션 보유 기간 확인 및 손절 로직 진행...
2025-01-16 01:17:28,102 - DEBUG - AEHR 보유기간: 3일
2025-01-16 01:17:28,103 - INFO - AEHR: 3일차, 수익률 -12.23% <= -10%, 조기 손절
2025-01-16 01:17:29,160 - DEBUG - CGC 보유기간: 2일
2025-01-16 01:17:29,160 - DEBUG - FUBO 보유기간: 2일
2025-01-16 01:17:29,160 - DEBUG - GDS 보유기간: 3일
2025-01-16 01:17:29,161 - INFO - GDS: 3일차, 수익률 -13.57% <= -10%, 조기 손절
2025-01-16 01:17:30,241 - DEBUG - GME 보유기간: 3일
2025-01-16 01:17:30,241 - DEBUG - PLUG 보유기간: 2일
2025-01-16 01:17:30,241 - DEBUG - TPET 보유기간: 3일
2025-01-16 01:17:30,242 - INFO - TPET: 3일차, 수익률 -23.68% <= -10%, 조기 손절
2025-01-16 01:17:31,401 - DEBUG - WIT 보유기간: 2일
2025-01-16 01:17:31,401 - DEBUG - WNW 보유기간: 2일
2025-01-16 01:17:31,980 - INFO - 받은 매매 신호 수: 20
2025-01-16 01:17:32,351 - INFO - 매수 가능 현금: 429.210000 USD, 종목 수: 20, 1종목당 21.460500 USD
2025-01-16 01:17:35,987 - WARNING - BBAR: 최소 매수 수량(0) < 1, 건너뜀
2025-01-16 01:17:36,075 - WARNING - BSX: 최소 매수 수량(0) < 1, 건너뜀
2025-01-16 01:17:36,118 - WARNING - CEG: 최소 매수 수량(0) < 1, 건너뜀
2025-01-16 01:17:36,196 - WARNING - DINO: 최소 매수 수량(0) < 1, 건너뜀
2025-01-16 01:17:39,562 - WARNING - EQT: 최소 매수 수량(0) < 1, 건너뜀
2025-01-16 01:17:42,870 - WARNING - EXE: 최소 매수 수량(0) < 1, 건너뜀
2025-01-16 01:17:42,902 - WARNING - FANG: 최소 매수 수량(0) < 1, 건너뜀
2025-01-16 01:17:42,929 - WARNING - FTAI: 최소 매수 수량(0) < 1, 건너뜀
2025-01-16 01:17:43,027 - WARNING - JNPR: 최소 매수 수량(0) < 1, 건너뜀
2025-01-16 01:17:43,117 - WARNING - KMI: 최소 매수 수량(0) < 1, 건너뜀
2025-01-16 01:17:47,960 - WARNING - NARI: 최소 매수 수량(0) < 1, 건너뜀
2025-01-16 01:17:48,013 - WARNING - OPCH: 최소 매수 수량(0) < 1, 건너뜀
2025-01-16 01:17:54,658 - WARNING - UNF: 최소 매수 수량(0) < 1, 건너뜀
2025-01-16 01:17:55,356 - INFO - 총 매도 주문 종목 수 : 4 개
2025-01-16 01:17:55,357 - INFO - 총 매수 주문 종목 수 : 6 개
2025-01-16 01:17:55,781 - INFO - 현재 보유 종목: 13 개
2025-01-16 01:17:56,215 - INFO - 자동매매 프로그램 종료.
2025-01-16 01:29:59,644 - INFO - 자동매매 프로그램 시작.
2025-01-16 01:29:59,652 - DEBUG - 접근 토큰을 성공적으로 가져왔습니다.
2025-01-16 01:29:59,746 - INFO - 총 외화예수금액: 484.130000 USD
총 외화일반주문가능금액: 312.09 USD
총 외화주문가능금액(원화주문가능환산금액): 0.000000 USD
2025-01-16 01:30:00,088 - INFO - 매도 조건 확인 및 매도 주문 실행 중...
2025-01-16 01:30:09,856 - INFO - 음수/0% 포지션 보유 기간 확인 및 손절 로직 진행...
2025-01-16 01:30:10,193 - DEBUG - AEHR 보유기간: 3일
2025-01-16 01:30:10,193 - INFO - AEHR: 3일차, 수익률 -12.81% <= -10%, 조기 손절
2025-01-16 01:30:11,261 - DEBUG - CGC 보유기간: 2일
2025-01-16 01:30:11,261 - DEBUG - FUBO 보유기간: 2일
2025-01-16 01:30:11,261 - DEBUG - GDS 보유기간: 3일
2025-01-16 01:30:11,262 - INFO - GDS: 3일차, 수익률 -14.07% <= -10%, 조기 손절
2025-01-16 01:30:12,339 - DEBUG - GME 보유기간: 3일
2025-01-16 01:30:12,339 - DEBUG - PLUG 보유기간: 2일
2025-01-16 01:30:12,339 - DEBUG - TPET 보유기간: 3일
2025-01-16 01:30:12,340 - INFO - TPET: 3일차, 수익률 -21.46% <= -10%, 조기 손절
2025-01-16 01:30:13,541 - DEBUG - WIT 보유기간: 2일
2025-01-16 01:30:13,541 - DEBUG - WNW 보유기간: 2일
2025-01-16 01:30:14,327 - INFO - 받은 매매 신호 수: 20
2025-01-16 01:30:14,662 - INFO - 매수 가능 현금: 312.090000 USD, 종목 수: 20, 1종목당 15.604500 USD
2025-01-16 01:30:15,428 - WARNING - AIFU: 매수 주문 실패, 가격을 반올림하여 다시 시도.
2025-01-16 01:30:15,711 - ERROR - AIFU: 매수 주문 실패. 두 번 시도 모두 실패.
2025-01-16 01:30:16,912 - WARNING - BBAR: 최소 매수 수량(0) < 1, 건너뜀
2025-01-16 01:30:17,078 - WARNING - BSX: 최소 매수 수량(0) < 1, 건너뜀
2025-01-16 01:30:17,179 - WARNING - CEG: 최소 매수 수량(0) < 1, 건너뜀
2025-01-16 01:30:17,383 - WARNING - DINO: 최소 매수 수량(0) < 1, 건너뜀
2025-01-16 01:30:20,651 - WARNING - EQT: 최소 매수 수량(0) < 1, 건너뜀
2025-01-16 01:30:20,687 - WARNING - ESGRO: 최소 매수 수량(0) < 1, 건너뜀
2025-01-16 01:30:20,744 - WARNING - EXE: 최소 매수 수량(0) < 1, 건너뜀
2025-01-16 01:30:20,790 - WARNING - FANG: 최소 매수 수량(0) < 1, 건너뜀
2025-01-16 01:30:20,835 - WARNING - FTAI: 최소 매수 수량(0) < 1, 건너뜀
2025-01-16 01:30:20,935 - WARNING - JNPR: 최소 매수 수량(0) < 1, 건너뜀
2025-01-16 01:30:21,032 - WARNING - KMI: 최소 매수 수량(0) < 1, 건너뜀
2025-01-16 01:30:21,414 - WARNING - LPL: 매수 주문 실패, 가격을 반올림하여 다시 시도.
2025-01-16 01:30:25,084 - WARNING - LUNA: 매수 주문 실패, 가격을 반올림하여 다시 시도.
2025-01-16 01:30:25,420 - ERROR - LUNA: 매수 주문 실패. 두 번 시도 모두 실패.
2025-01-16 01:30:26,490 - WARNING - NARI: 최소 매수 수량(0) < 1, 건너뜀
2025-01-16 01:30:26,525 - WARNING - OPCH: 최소 매수 수량(0) < 1, 건너뜀
2025-01-16 01:30:26,552 - WARNING - PTVE: 최소 매수 수량(0) < 1, 건너뜀
2025-01-16 01:30:26,654 - WARNING - SUPV: 최소 매수 수량(0) < 1, 건너뜀
2025-01-16 01:30:26,724 - WARNING - UNF: 최소 매수 수량(0) < 1, 건너뜀
2025-01-16 01:30:27,480 - INFO - 총 매도 주문 종목 수 : 5 개
2025-01-16 01:30:27,481 - INFO - 총 매수 주문 종목 수 : 2 개
2025-01-16 01:30:27,970 - INFO - 현재 보유 종목: 14 개
2025-01-16 01:30:28,452 - INFO - 자동매매 프로그램 종료.
2025-01-16 23:56:20,063 - INFO - 자동매매 프로그램 시작.
2025-01-16 23:56:20,072 - DEBUG - 접근 토큰을 성공적으로 가져왔습니다.
2025-01-16 23:56:20,155 - ERROR - 해외증거금 조회 실패: 해외증거금 조회 HTTP 오류 발생: 500 Server Error: Internal Server Error for url: https://openapi.koreainvestment.com:9443/uapi/overseas-stock/v1/trading/foreign-margin?CANO=68860701&ACNT_PRDT_CD=01 - 응답 내용: {"rt_cd":"1","msg1":"기간이 만료된 token 입니다.","msg_cd":"EGW00123"}
2025-01-17 00:04:58,828 - INFO - 자동매매 프로그램 시작.
2025-01-17 00:04:58,830 - DEBUG - 접근 토큰을 성공적으로 가져왔습니다.
2025-01-17 00:04:58,887 - ERROR - 해외증거금 조회 실패: HTTP error occurred: 500 Server Error: Internal Server Error for url: https://openapi.koreainvestment.com:9443/uapi/overseas-stock/v1/trading/foreign-margin?CANO=68860701&ACNT_PRDT_CD=01 - Response: {"rt_cd":"1","msg1":"기간이 만료된 token 입니다.","msg_cd":"EGW00123"}
2025-01-17 00:12:07,169 - INFO - 자동매매 프로그램 시작.
2025-01-17 00:12:07,171 - DEBUG - 접근 토큰을 성공적으로 가져왔습니다.
2025-01-17 00:12:07,325 - ERROR - 해외증거금 조회 실패: 기간이 만료된 token 입니다.
2025-01-17 00:12:23,571 - INFO - 자동매매 프로그램 시작.
2025-01-17 00:12:23,734 - DEBUG - 접근 토큰을 성공적으로 가져왔습니다.
2025-01-17 00:12:23,865 - INFO - 총 외화예수금액: 265.950000 USD
총 외화일반주문가능금액: 439.19 USD
총 외화주문가능금액(원화주문가능환산금액): 0.000000 USD
2025-01-17 00:12:24,232 - INFO - 매도 조건 확인 및 매도 주문 실행 중...
2025-01-17 00:12:28,318 - INFO - 음수/0% 포지션 보유 기간 확인 및 손절 로직 진행...
2025-01-17 00:12:28,639 - DEBUG - AEHR 보유기간: 4일
2025-01-17 00:12:28,639 - DEBUG - CGC 보유기간: 3일
2025-01-17 00:12:28,640 - DEBUG - ECX 보유기간: 2일
2025-01-17 00:12:28,640 - DEBUG - ESGRO 보유기간: 2일
2025-01-17 00:12:28,640 - DEBUG - FUBO 보유기간: 3일
2025-01-17 00:12:28,641 - INFO - FUBO: 3일차, 수익률 -11.17% <= -10%, 조기 손절
2025-01-17 00:12:30,022 - DEBUG - GDS 보유기간: 4일
2025-01-17 00:12:30,022 - DEBUG - GME 보유기간: 4일
2025-01-17 00:12:30,022 - DEBUG - PLUG 보유기간: 3일
2025-01-17 00:12:30,022 - DEBUG - PTVE 보유기간: 2일
2025-01-17 00:12:30,023 - DEBUG - SUPV 보유기간: 2일
2025-01-17 00:12:30,023 - DEBUG - TPET 보유기간: 4일
2025-01-17 00:12:30,023 - DEBUG - WIT 보유기간: 3일
2025-01-17 00:12:30,722 - INFO - 받은 매매 신호 수: 20
2025-01-17 00:12:31,027 - INFO - 매수 가능 현금: 439.190000 USD, 종목 수: 20, 1종목당 21.959500 USD
2025-01-17 00:12:31,396 - WARNING - ACHC: 매수 수량(0) < 1, 건너뜀
2025-01-17 00:12:31,449 - WARNING - BDX: 10호가 정보가 없음 -> 건너뜀
2025-01-17 00:12:31,513 - WARNING - CEG: 매수 수량(0) < 1, 건너뜀
2025-01-17 00:12:38,094 - WARNING - ESLT: 매수 수량(0) < 1, 건너뜀
2025-01-17 00:12:38,167 - WARNING - FCAP: 매수 수량(0) < 1, 건너뜀
2025-01-17 00:12:38,204 - WARNING - FNV: 10호가 정보가 없음 -> 건너뜀
2025-01-17 00:12:38,268 - WARNING - HUM: 10호가 정보가 없음 -> 건너뜀
2025-01-17 00:12:38,332 - WARNING - INSW: 10호가 정보가 없음 -> 건너뜀
2025-01-17 00:13:40,334 - INFO - 자동매매 프로그램 시작.
2025-01-17 00:13:40,342 - DEBUG - 접근 토큰을 성공적으로 가져왔습니다.
2025-01-17 00:13:40,509 - INFO - 총 외화예수금액: 265.950000 USD
총 외화일반주문가능금액: 498.46 USD
총 외화주문가능금액(원화주문가능환산금액): 0.000000 USD
2025-01-17 00:13:40,867 - INFO - 매도 조건 확인 및 매도 주문 실행 중...
2025-01-17 00:13:43,653 - INFO - 음수/0% 포지션 보유 기간 확인 및 손절 로직 진행...
2025-01-17 00:13:43,929 - DEBUG - AEHR 보유기간: 4일
2025-01-17 00:13:43,929 - DEBUG - CGC 보유기간: 3일
2025-01-17 00:13:43,930 - DEBUG - ECX 보유기간: 1일
2025-01-17 00:13:43,930 - DEBUG - ESGRO 보유기간: 1일
2025-01-17 00:13:43,930 - DEBUG - GDS 보유기간: 4일
2025-01-17 00:13:43,931 - DEBUG - GME 보유기간: 4일
2025-01-17 00:13:43,931 - DEBUG - PLUG 보유기간: 3일
2025-01-17 00:13:43,931 - DEBUG - PTVE 보유기간: 2일
2025-01-17 00:13:43,931 - DEBUG - SUPV 보유기간: 2일
2025-01-17 00:13:43,932 - DEBUG - TPET 보유기간: 4일
2025-01-17 00:13:43,932 - DEBUG - WIT 보유기간: 3일
2025-01-17 00:13:44,488 - INFO - 받은 매매 신호 수: 20
2025-01-17 00:13:44,851 - INFO - 매수 가능 현금: 498.460000 USD, 종목 수: 20, 1종목당 24.923000 USD
2025-01-17 00:13:45,245 - WARNING - ACHC: 매수 수량(0) < 1, 건너뜀
2025-01-17 00:13:45,329 - WARNING - BDX: 10호가 정보가 없음 -> 건너뜀
2025-01-17 00:13:45,444 - WARNING - CEG: 매수 수량(0) < 1, 건너뜀
2025-01-17 00:13:51,928 - WARNING - ESLT: 매수 수량(0) < 1, 건너뜀
2025-01-17 00:13:51,973 - WARNING - FCAP: 매수 수량(0) < 1, 건너뜀
2025-01-17 00:13:52,010 - WARNING - FNV: 10호가 정보가 없음 -> 건너뜀
2025-01-17 00:13:52,022 - WARNING - HUM: 10호가 정보가 없음 -> 건너뜀
2025-01-17 00:13:52,080 - WARNING - INSW: 10호가 정보가 없음 -> 건너뜀
2025-01-17 00:27:43,312 - INFO - 자동매매 프로그램 시작.
2025-01-17 00:27:43,314 - DEBUG - 접근 토큰을 성공적으로 가져왔습니다.
2025-01-17 00:27:43,435 - INFO - 총 외화예수금액: 265.950000 USD
총 외화일반주문가능금액: 454.10 USD
총 외화주문가능금액(원화주문가능환산금액): 0.000000 USD
2025-01-17 00:27:43,801 - INFO - 매도 조건 확인 및 매도 주문 실행 중...
2025-01-17 00:27:49,031 - INFO - 음수/0% 포지션 보유 기간 확인 및 손절 로직 진행...
2025-01-17 00:27:49,316 - DEBUG - AEHR 보유기간: 4일
2025-01-17 00:27:49,317 - DEBUG - CGC 보유기간: 3일
2025-01-17 00:27:49,317 - DEBUG - ECX 보유기간: 1일
2025-01-17 00:27:49,317 - DEBUG - GDS 보유기간: 4일
2025-01-17 00:27:49,318 - DEBUG - GME 보유기간: 4일
2025-01-17 00:27:49,318 - DEBUG - PLUG 보유기간: 3일
2025-01-17 00:27:49,319 - DEBUG - SUPV 보유기간: 2일
2025-01-17 00:27:49,319 - DEBUG - TPET 보유기간: 4일
2025-01-17 00:27:49,319 - DEBUG - WIT 보유기간: 3일
2025-01-17 00:27:50,018 - INFO - 받은 매매 신호 수: 20
2025-01-17 00:27:50,443 - INFO - 매수 가능 현금: 454.100000 USD, 종목 수: 20, 1종목당 22.705000 USD
2025-01-17 00:27:50,821 - WARNING - ACHC: 매수 수량이 0개여서 매수하지 않았습니다.
2025-01-17 00:27:50,870 - WARNING - BDX: 10호가 정보가 없음 -> 건너뜀
2025-01-17 00:27:50,925 - WARNING - CEG: 매수 수량이 0개여서 매수하지 않았습니다.
2025-01-17 00:27:52,138 - INFO - ECX: 총 12주 매수 - 12주 @ 1.87 USD
2025-01-17 00:27:52,788 - WARNING - ESGRO: 매수 주문 실패, 가격을 반올림하여 다시 시도.
2025-01-17 00:27:53,939 - INFO - ESGRO: 총 1주 매수 - 1주 @ 20.44 USD
2025-01-17 00:27:54,460 - WARNING - ESLT: 매수 수량이 0개여서 매수하지 않았습니다.
2025-01-17 00:27:54,538 - WARNING - FCAP: 매수 수량이 0개여서 매수하지 않았습니다.
2025-01-17 00:27:54,605 - WARNING - FNV: 10호가 정보가 없음 -> 건너뜀
2025-01-17 00:27:54,668 - WARNING - HUM: 10호가 정보가 없음 -> 건너뜀
2025-01-17 00:27:54,693 - WARNING - INSW: 10호가 정보가 없음 -> 건너뜀
2025-01-17 00:27:54,732 - WARNING - LUNA: 매수 수량이 0개여서 매수하지 않았습니다.
2025-01-17 00:27:54,816 - WARNING - NC: 10호가 정보가 없음 -> 건너뜀
2025-01-17 00:27:54,874 - WARNING - PDS: 10호가 정보가 없음 -> 건너뜀
2025-01-17 00:27:54,914 - WARNING - PFX: 매수 수량이 0개여서 매수하지 않았습니다.
2025-01-17 00:27:56,087 - INFO - PTLE: 총 6주 매수 - 6주 @ 3.25 USD
2025-01-17 00:27:56,479 - WARNING - STNG: 10호가 정보가 없음 -> 건너뜀
2025-01-17 00:27:56,551 - WARNING - SUPV: 10호가 정보가 없음 -> 건너뜀
2025-01-17 00:27:56,643 - WARNING - TNK: 10호가 정보가 없음 -> 건너뜀
2025-01-17 00:27:56,703 - WARNING - UNF: 10호가 정보가 없음 -> 건너뜀
2025-01-17 00:27:56,796 - WARNING - VTLE: 10호가 정보가 없음 -> 건너뜀
2025-01-17 00:27:57,518 - INFO - 총 매도 주문 종목 수 : 2 개
2025-01-17 00:27:57,519 - INFO - 총 매수 주문 종목 수 : 3 개
2025-01-17 00:27:57,817 - INFO - 매수 종목 및 수량:
ACHC: 0주
CEG: 0주
ECX: 12주
ESGRO: 1주
ESLT: 0주
FCAP: 0주
LUNA: 0주
PFX: 0주
PTLE: 6주
2025-01-17 00:27:58,436 - INFO - 현재 보유 종목: 12 개
2025-01-17 00:27:58,840 - INFO - 자동매매 프로그램 종료.
2025-01-17 01:06:00,726 - INFO - 전체 매도 스크립트 시작.
2025-01-17 01:06:00,727 - INFO - Oracle DB 연결 성공
2025-01-17 01:06:00,728 - DEBUG - 접근 토큰을 성공적으로 가져왔습니다.
2025-01-17 01:06:01,664 - INFO - AEHR 4주 매도 성공
2025-01-17 01:06:02,807 - INFO - CGC 52주 매도 성공
2025-01-17 01:06:04,098 - INFO - ECX 53주 매도 성공
2025-01-17 01:06:05,279 - INFO - GDS 2주 매도 성공
2025-01-17 01:06:06,863 - INFO - GME 2주 매도 성공
2025-01-17 01:06:08,041 - INFO - PLUG 21주 매도 성공
2025-01-17 01:06:09,245 - INFO - PTLE 6주 매도 성공
2025-01-17 01:06:10,753 - INFO - SUPV 3주 매도 성공
2025-01-17 01:06:12,191 - INFO - TPET 28주 매도 성공
2025-01-17 01:06:13,813 - INFO - WIT 17주 매도 성공
2025-01-17 01:06:15,254 - INFO - 매도 후 현재 보유 종목: 3 개
2025-01-17 01:06:15,813 - INFO - 총 해외실현손익금액: 0.0000 USD
2025-01-17 01:06:16,160 - INFO - 전체 매도 스크립트 종료.
2025-01-17 01:07:19,314 - INFO - 자동매매 프로그램 시작.
2025-01-17 01:07:19,316 - DEBUG - 접근 토큰을 성공적으로 가져왔습니다.
2025-01-17 01:07:19,441 - INFO - 총 외화예수금액: 265.950000 USD
총 외화일반주문가능금액: 1091.82 USD
총 외화주문가능금액(원화주문가능환산금액): 0.000000 USD
2025-01-17 01:07:19,772 - INFO - 매도 조건 확인 및 매도 주문 실행 중...
2025-01-17 01:07:20,495 - INFO - 보유 포지션 없음 -> 매도 로직 스킵, 매수 진행
2025-01-17 01:07:21,821 - INFO - 받은 매매 신호 수: 20
2025-01-17 01:07:22,161 - INFO - 매수 가능 현금: 1091.820000 USD, 종목 수: 20, 1종목당 54.591000 USD
2025-01-17 01:07:23,679 - INFO - ACHC: 총 1주 매수 - 1주 @ 42.93 USD
2025-01-17 01:07:24,046 - WARNING - BDX: 10호가 정보가 없음 -> 건너뜀
2025-01-17 01:07:24,078 - WARNING - CEG: 매수 수량이 0개여서 매수하지 않았습니다.
2025-01-17 01:07:25,194 - INFO - ECX: 총 28주 매수 - 28주 @ 1.89 USD
2025-01-17 01:07:26,737 - INFO - ESGRO: 총 2주 매수 - 2주 @ 20.44 USD
2025-01-17 01:07:27,130 - WARNING - ESLT: 매수 수량이 0개여서 매수하지 않았습니다.
2025-01-17 01:07:28,279 - INFO - FCAP: 총 1주 매수 - 1주 @ 31.69 USD
2025-01-17 01:07:28,694 - WARNING - FNV: 10호가 정보가 없음 -> 건너뜀
2025-01-17 01:07:28,809 - WARNING - HUM: 10호가 정보가 없음 -> 건너뜀
2025-01-17 01:07:28,879 - WARNING - INSW: 10호가 정보가 없음 -> 건너뜀
2025-01-17 01:07:28,992 - WARNING - LUNA: 매수 수량이 0개여서 매수하지 않았습니다.
2025-01-17 01:07:29,058 - WARNING - NC: 10호가 정보가 없음 -> 건너뜀
2025-01-17 01:07:29,181 - WARNING - PDS: 10호가 정보가 없음 -> 건너뜀
2025-01-17 01:07:30,322 - INFO - PFX: 총 1주 매수 - 1주 @ 50.0 USD
2025-01-17 01:07:31,856 - INFO - PTLE: 총 16주 매수 - 16주 @ 3.23 USD
2025-01-17 01:07:32,398 - WARNING - STNG: 10호가 정보가 없음 -> 건너뜀
2025-01-17 01:07:32,451 - WARNING - SUPV: 10호가 정보가 없음 -> 건너뜀
2025-01-17 01:07:32,517 - WARNING - TNK: 10호가 정보가 없음 -> 건너뜀
2025-01-17 01:07:32,608 - WARNING - UNF: 10호가 정보가 없음 -> 건너뜀
2025-01-17 01:07:32,691 - WARNING - VTLE: 10호가 정보가 없음 -> 건너뜀
2025-01-17 01:07:33,362 - INFO - 총 매도 주문 종목 수 : 0 개
2025-01-17 01:07:33,362 - INFO - 총 매수 주문 종목 수 : 6 개
2025-01-17 01:07:33,689 - INFO - 매수 종목 및 수량:
ACHC: 1주
CEG: 0주
ECX: 28주
ESGRO: 2주
ESLT: 0주
FCAP: 1주
LUNA: 0주
PFX: 1주
PTLE: 16주
2025-01-17 01:07:34,191 - INFO - 현재 보유 종목: 6 개
2025-01-17 01:07:34,664 - INFO - 자동매매 프로그램 종료.
